{"numFailedTestSuites":6,"numFailedTests":13,"numPassedTestSuites":5,"numPassedTests":90,"numPendingTestSuites":0,"numPendingTests":0,"numRuntimeErrorTestSuites":0,"numTodoTests":0,"numTotalTestSuites":11,"numTotalTests":103,"openHandles":[],"snapshot":{"added":0,"didUpdate":false,"failure":false,"filesAdded":0,"filesRemoved":0,"filesRemovedList":[],"filesUnmatched":0,"filesUpdated":0,"matched":0,"total":0,"unchecked":0,"uncheckedKeysByFile":[],"unmatched":0,"updated":0},"startTime":1761552680198,"success":false,"testResults":[{"assertionResults":[{"ancestorTitles":["Category Controller - getCategories"],"duration":17,"failing":false,"failureDetails":[],"failureMessages":[],"fullName":"Category Controller - getCategories Phải trả về danh sách categories và status 200","invocations":1,"location":null,"numPassingAsserts":3,"retryReasons":[],"startAt":1761552681785,"status":"passed","title":"Phải trả về danh sách categories và status 200"},{"ancestorTitles":["Category Controller - getCategories"],"duration":4,"failing":false,"failureDetails":[],"failureMessages":[],"fullName":"Category Controller - getCategories Phải trả về status 500 khi có lỗi database","invocations":1,"location":null,"numPassingAsserts":3,"retryReasons":[],"startAt":1761552681803,"status":"passed","title":"Phải trả về status 500 khi có lỗi database"}],"endTime":1761552681810,"message":"","name":"C:\\WDP_Diagram\\NewTestCode\\wdp301_fall25\\backend\\tests\\controllers\\categoryController.test.js","startTime":1761552681122,"status":"passed","summary":""},{"assertionResults":[{"ancestorTitles":["User Controller - getAllUsers"],"duration":17,"failing":false,"failureDetails":[],"failureMessages":[],"fullName":"User Controller - getAllUsers Phải trả về status 200 và danh sách người dùng","invocations":1,"location":null,"numPassingAsserts":4,"retryReasons":[],"startAt":1761552682892,"status":"passed","title":"Phải trả về status 200 và danh sách người dùng"},{"ancestorTitles":["User Controller - getAllUsers"],"duration":3,"failing":false,"failureDetails":[],"failureMessages":[],"fullName":"User Controller - getAllUsers Phải trả về status 500 khi có lỗi database","invocations":1,"location":null,"numPassingAsserts":4,"retryReasons":[],"startAt":1761552682910,"status":"passed","title":"Phải trả về status 500 khi có lỗi database"},{"ancestorTitles":["User Controller - getUserById"],"duration":4,"failing":false,"failureDetails":[],"failureMessages":[],"fullName":"User Controller - getUserById Phải trả về status 200 và người dùng tìm thấy","invocations":1,"location":null,"numPassingAsserts":4,"retryReasons":[],"startAt":1761552682913,"status":"passed","title":"Phải trả về status 200 và người dùng tìm thấy"},{"ancestorTitles":["User Controller - getUserById"],"duration":2,"failing":false,"failureDetails":[],"failureMessages":[],"fullName":"User Controller - getUserById Phải trả về status 404 khi không tìm thấy user","invocations":1,"location":null,"numPassingAsserts":4,"retryReasons":[],"startAt":1761552682917,"status":"passed","title":"Phải trả về status 404 khi không tìm thấy user"},{"ancestorTitles":["User Controller - getUserById"],"duration":3,"failing":false,"failureDetails":[],"failureMessages":[],"fullName":"User Controller - getUserById Phải trả về status 500 khi có lỗi database","invocations":1,"location":null,"numPassingAsserts":4,"retryReasons":[],"startAt":1761552682919,"status":"passed","title":"Phải trả về status 500 khi có lỗi database"},{"ancestorTitles":["User Controller - createUser"],"duration":5,"failing":false,"failureDetails":[],"failureMessages":[],"fullName":"User Controller - createUser Phải trả về status 201 và user mới tạo","invocations":1,"location":null,"numPassingAsserts":6,"retryReasons":[],"startAt":1761552682923,"status":"passed","title":"Phải trả về status 201 và user mới tạo"},{"ancestorTitles":["User Controller - createUser"],"duration":3,"failing":false,"failureDetails":[],"failureMessages":[],"fullName":"User Controller - createUser Phải trả về status 500 nếu hàm .save() thất bại","invocations":1,"location":null,"numPassingAsserts":5,"retryReasons":[],"startAt":1761552682928,"status":"passed","title":"Phải trả về status 500 nếu hàm .save() thất bại"},{"ancestorTitles":["User Controller - updateUser"],"duration":3,"failing":false,"failureDetails":[],"failureMessages":[],"fullName":"User Controller - updateUser Phải trả về status 200 và user đã cập nhật","invocations":1,"location":null,"numPassingAsserts":4,"retryReasons":[],"startAt":1761552682932,"status":"passed","title":"Phải trả về status 200 và user đã cập nhật"},{"ancestorTitles":["User Controller - updateUser"],"duration":2,"failing":false,"failureDetails":[],"failureMessages":[],"fullName":"User Controller - updateUser Phải trả về status 404 khi không tìm thấy user","invocations":1,"location":null,"numPassingAsserts":4,"retryReasons":[],"startAt":1761552682935,"status":"passed","title":"Phải trả về status 404 khi không tìm thấy user"},{"ancestorTitles":["User Controller - updateUser"],"duration":2,"failing":false,"failureDetails":[],"failureMessages":[],"fullName":"User Controller - updateUser Phải trả về status 500 khi có lỗi database","invocations":1,"location":null,"numPassingAsserts":4,"retryReasons":[],"startAt":1761552682938,"status":"passed","title":"Phải trả về status 500 khi có lỗi database"},{"ancestorTitles":["User Controller - deleteUser"],"duration":4,"failing":false,"failureDetails":[],"failureMessages":[],"fullName":"User Controller - deleteUser Phải trả về status 200 và thông báo thành công","invocations":1,"location":null,"numPassingAsserts":3,"retryReasons":[],"startAt":1761552682943,"status":"passed","title":"Phải trả về status 200 và thông báo thành công"},{"ancestorTitles":["User Controller - deleteUser"],"duration":2,"failing":false,"failureDetails":[],"failureMessages":[],"fullName":"User Controller - deleteUser Phải trả về status 404 khi không tìm thấy user","invocations":1,"location":null,"numPassingAsserts":3,"retryReasons":[],"startAt":1761552682948,"status":"passed","title":"Phải trả về status 404 khi không tìm thấy user"},{"ancestorTitles":["User Controller - deleteUser"],"duration":3,"failing":false,"failureDetails":[],"failureMessages":[],"fullName":"User Controller - deleteUser Phải trả về status 500 khi có lỗi database","invocations":1,"location":null,"numPassingAsserts":3,"retryReasons":[],"startAt":1761552682952,"status":"passed","title":"Phải trả về status 500 khi có lỗi database"}],"endTime":1761552682959,"message":"","name":"C:\\WDP_Diagram\\NewTestCode\\wdp301_fall25\\backend\\tests\\controllers\\userController.test.js","startTime":1761552681063,"status":"passed","summary":""},{"assertionResults":[{"ancestorTitles":["Product Controller - createProduct"],"duration":16,"failing":false,"failureDetails":[],"failureMessages":[],"fullName":"Product Controller - createProduct Phải trả về status 201 và sản phẩm mới tạo","invocations":1,"location":null,"numPassingAsserts":4,"retryReasons":[],"startAt":1761552682890,"status":"passed","title":"Phải trả về status 201 và sản phẩm mới tạo"},{"ancestorTitles":["Product Controller - createProduct"],"duration":3,"failing":false,"failureDetails":[],"failureMessages":[],"fullName":"Product Controller - createProduct Phải trả về status 400 nếu event_id bị thiếu","invocations":1,"location":null,"numPassingAsserts":4,"retryReasons":[],"startAt":1761552682907,"status":"passed","title":"Phải trả về status 400 nếu event_id bị thiếu"},{"ancestorTitles":["Product Controller - createProduct"],"duration":3,"failing":false,"failureDetails":[],"failureMessages":[],"fullName":"Product Controller - createProduct Phải trả về status 400 nếu .save() ném ra ValidationError","invocations":1,"location":null,"numPassingAsserts":4,"retryReasons":[],"startAt":1761552682911,"status":"passed","title":"Phải trả về status 400 nếu .save() ném ra ValidationError"},{"ancestorTitles":["Product Controller - createProduct"],"duration":2,"failing":false,"failureDetails":[],"failureMessages":[],"fullName":"Product Controller - createProduct Phải trả về status 500 nếu có lỗi server xảy ra","invocations":1,"location":null,"numPassingAsserts":4,"retryReasons":[],"startAt":1761552682915,"status":"passed","title":"Phải trả về status 500 nếu có lỗi server xảy ra"},{"ancestorTitles":["Product Controller - getProductsByEvent"],"duration":2,"failing":false,"failureDetails":[],"failureMessages":[],"fullName":"Product Controller - getProductsByEvent Phải trả về status 200 (mặc định) và danh sách sản phẩm","invocations":1,"location":null,"numPassingAsserts":4,"retryReasons":[],"startAt":1761552682918,"status":"passed","title":"Phải trả về status 200 (mặc định) và danh sách sản phẩm"},{"ancestorTitles":["Product Controller - getProductsByEvent"],"duration":5,"failing":false,"failureDetails":[],"failureMessages":[],"fullName":"Product Controller - getProductsByEvent Phải trả về status 500 nếu có lỗi xảy ra","invocations":1,"location":null,"numPassingAsserts":4,"retryReasons":[],"startAt":1761552682921,"status":"passed","title":"Phải trả về status 500 nếu có lỗi xảy ra"},{"ancestorTitles":["Product Controller - updateProduct"],"duration":3,"failing":false,"failureDetails":[],"failureMessages":[],"fullName":"Product Controller - updateProduct Phải trả về status 200 (mặc định) và sản phẩm đã cập nhật","invocations":1,"location":null,"numPassingAsserts":3,"retryReasons":[],"startAt":1761552682927,"status":"passed","title":"Phải trả về status 200 (mặc định) và sản phẩm đã cập nhật"},{"ancestorTitles":["Product Controller - updateProduct"],"duration":3,"failing":false,"failureDetails":[],"failureMessages":[],"fullName":"Product Controller - updateProduct Phải trả về status 404 khi không tìm thấy sản phẩm","invocations":1,"location":null,"numPassingAsserts":3,"retryReasons":[],"startAt":1761552682932,"status":"passed","title":"Phải trả về status 404 khi không tìm thấy sản phẩm"},{"ancestorTitles":["Product Controller - updateProduct"],"duration":3,"failing":false,"failureDetails":[],"failureMessages":[],"fullName":"Product Controller - updateProduct Phải trả về status 400 nếu có lỗi CastError","invocations":1,"location":null,"numPassingAsserts":3,"retryReasons":[],"startAt":1761552682935,"status":"passed","title":"Phải trả về status 400 nếu có lỗi CastError"},{"ancestorTitles":["Product Controller - updateProduct"],"duration":2,"failing":false,"failureDetails":[],"failureMessages":[],"fullName":"Product Controller - updateProduct Phải trả về status 500 nếu có lỗi server xảy ra","invocations":1,"location":null,"numPassingAsserts":3,"retryReasons":[],"startAt":1761552682938,"status":"passed","title":"Phải trả về status 500 nếu có lỗi server xảy ra"},{"ancestorTitles":["Product Controller - deleteProduct"],"duration":2,"failing":false,"failureDetails":[],"failureMessages":[],"fullName":"Product Controller - deleteProduct Phải trả về status 200 (mặc định) và thông báo xóa thành công","invocations":1,"location":null,"numPassingAsserts":3,"retryReasons":[],"startAt":1761552682941,"status":"passed","title":"Phải trả về status 200 (mặc định) và thông báo xóa thành công"},{"ancestorTitles":["Product Controller - deleteProduct"],"duration":18,"failing":false,"failureDetails":[],"failureMessages":[],"fullName":"Product Controller - deleteProduct Phải trả về status 404 khi không tìm thấy sản phẩm","invocations":1,"location":null,"numPassingAsserts":3,"retryReasons":[],"startAt":1761552682944,"status":"passed","title":"Phải trả về status 404 khi không tìm thấy sản phẩm"},{"ancestorTitles":["Product Controller - deleteProduct"],"duration":2,"failing":false,"failureDetails":[],"failureMessages":[],"fullName":"Product Controller - deleteProduct Phải trả về status 400 nếu có lỗi CastError","invocations":1,"location":null,"numPassingAsserts":3,"retryReasons":[],"startAt":1761552682963,"status":"passed","title":"Phải trả về status 400 nếu có lỗi CastError"},{"ancestorTitles":["Product Controller - deleteProduct"],"duration":2,"failing":false,"failureDetails":[],"failureMessages":[],"fullName":"Product Controller - deleteProduct Phải trả về status 500 nếu có lỗi server xảy ra","invocations":1,"location":null,"numPassingAsserts":3,"retryReasons":[],"startAt":1761552682965,"status":"passed","title":"Phải trả về status 500 nếu có lỗi server xảy ra"}],"endTime":1761552682973,"message":"","name":"C:\\WDP_Diagram\\NewTestCode\\wdp301_fall25\\backend\\tests\\controllers\\productController.test.js","startTime":1761552681107,"status":"passed","summary":""},{"assertionResults":[{"ancestorTitles":["Event Controller - getAllEvents"],"duration":15,"failing":false,"failureDetails":[],"failureMessages":[],"fullName":"Event Controller - getAllEvents Phải trả về status 200 và danh sách sự kiện đã được map","invocations":1,"location":null,"numPassingAsserts":5,"retryReasons":[],"startAt":1761552682918,"status":"passed","title":"Phải trả về status 200 và danh sách sự kiện đã được map"},{"ancestorTitles":["Event Controller - getAllEvents"],"duration":3,"failing":false,"failureDetails":[],"failureMessages":[],"fullName":"Event Controller - getAllEvents Phải trả về status 500 và message lỗi khi có lỗi xảy ra","invocations":1,"location":null,"numPassingAsserts":2,"retryReasons":[],"startAt":1761552682934,"status":"passed","title":"Phải trả về status 500 và message lỗi khi có lỗi xảy ra"},{"ancestorTitles":["Event Controller - getEventById"],"duration":3,"failing":false,"failureDetails":[],"failureMessages":[],"fullName":"Event Controller - getEventById Phải trả về status 200 và sự kiện khi tìm thấy","invocations":1,"location":null,"numPassingAsserts":4,"retryReasons":[],"startAt":1761552682938,"status":"passed","title":"Phải trả về status 200 và sự kiện khi tìm thấy"},{"ancestorTitles":["Event Controller - getEventById"],"duration":7,"failing":false,"failureDetails":[],"failureMessages":[],"fullName":"Event Controller - getEventById Phải trả về status 404 khi không tìm thấy sự kiện với ID đã cho","invocations":1,"location":null,"numPassingAsserts":2,"retryReasons":[],"startAt":1761552682942,"status":"passed","title":"Phải trả về status 404 khi không tìm thấy sự kiện với ID đã cho"},{"ancestorTitles":["Event Controller - getEventById"],"duration":3,"failing":false,"failureDetails":[],"failureMessages":[],"fullName":"Event Controller - getEventById Phải trả về status 500 và message lỗi khi có lỗi xảy ra","invocations":1,"location":null,"numPassingAsserts":2,"retryReasons":[],"startAt":1761552682949,"status":"passed","title":"Phải trả về status 500 và message lỗi khi có lỗi xảy ra"},{"ancestorTitles":["Event Controller - createEvent"],"duration":5,"failing":false,"failureDetails":[],"failureMessages":[],"fullName":"Event Controller - createEvent Phải trả về status 201 và sự kiện mới tạo","invocations":1,"location":null,"numPassingAsserts":4,"retryReasons":[],"startAt":1761552682953,"status":"passed","title":"Phải trả về status 201 và sự kiện mới tạo"},{"ancestorTitles":["Event Controller - createEvent"],"duration":3,"failing":false,"failureDetails":[],"failureMessages":[],"fullName":"Event Controller - createEvent Phải trả về status 500 và message lỗi khi có lỗi xảy ra","invocations":1,"location":null,"numPassingAsserts":2,"retryReasons":[],"startAt":1761552682958,"status":"passed","title":"Phải trả về status 500 và message lỗi khi có lỗi xảy ra"},{"ancestorTitles":["Event Controller - updateEvent"],"duration":5,"failing":false,"failureDetails":[{"matcherResult":{"message":"\u001b[2mexpect(\u001b[22m\u001b[31mjest.fn()\u001b[39m\u001b[2m).\u001b[22mtoHaveBeenCalledWith\u001b[2m(\u001b[22m\u001b[32m...expected\u001b[39m\u001b[2m)\u001b[22m\n\nExpected: \u001b[32m\"68ff292a53318e41b55760cb\"\u001b[39m\n\nNumber of calls: \u001b[31m0\u001b[39m","pass":false}}],"failureMessages":["Error: \u001b[2mexpect(\u001b[22m\u001b[31mjest.fn()\u001b[39m\u001b[2m).\u001b[22mtoHaveBeenCalledWith\u001b[2m(\u001b[22m\u001b[32m...expected\u001b[39m\u001b[2m)\u001b[22m\n\nExpected: \u001b[32m\"68ff292a53318e41b55760cb\"\u001b[39m\n\nNumber of calls: \u001b[31m0\u001b[39m\n    at Object.toHaveBeenCalledWith (C:\\WDP_Diagram\\NewTestCode\\wdp301_fall25\\backend\\tests\\controllers\\eventController.test.js:411:28)\n    at processTicksAndRejections (node:internal/process/task_queues:95:5)"],"fullName":"Event Controller - updateEvent Phải trả về status 200 và sự kiện đã cập nhật","invocations":1,"location":null,"numPassingAsserts":0,"retryReasons":[],"startAt":1761552682962,"status":"failed","title":"Phải trả về status 200 và sự kiện đã cập nhật"},{"ancestorTitles":["Event Controller - updateEvent"],"duration":4,"failing":false,"failureDetails":[{"matcherResult":{"message":"\u001b[2mexpect(\u001b[22m\u001b[31mjest.fn()\u001b[39m\u001b[2m).\u001b[22mtoHaveBeenCalledWith\u001b[2m(\u001b[22m\u001b[32m...expected\u001b[39m\u001b[2m)\u001b[22m\n\nExpected: \u001b[32m404\u001b[39m\nReceived: \u001b[31m500\u001b[39m\n\nNumber of calls: \u001b[31m1\u001b[39m","pass":false}}],"failureMessages":["Error: \u001b[2mexpect(\u001b[22m\u001b[31mjest.fn()\u001b[39m\u001b[2m).\u001b[22mtoHaveBeenCalledWith\u001b[2m(\u001b[22m\u001b[32m...expected\u001b[39m\u001b[2m)\u001b[22m\n\nExpected: \u001b[32m404\u001b[39m\nReceived: \u001b[31m500\u001b[39m\n\nNumber of calls: \u001b[31m1\u001b[39m\n    at Object.toHaveBeenCalledWith (C:\\WDP_Diagram\\NewTestCode\\wdp301_fall25\\backend\\tests\\controllers\\eventController.test.js:440:24)\n    at processTicksAndRejections (node:internal/process/task_queues:95:5)"],"fullName":"Event Controller - updateEvent Phải trả về status 404 khi không tìm thấy sự kiện với ID đã cho","invocations":1,"location":null,"numPassingAsserts":0,"retryReasons":[],"startAt":1761552683033,"status":"failed","title":"Phải trả về status 404 khi không tìm thấy sự kiện với ID đã cho"},{"ancestorTitles":["Event Controller - updateEvent"],"duration":15,"failing":false,"failureDetails":[{"matcherResult":{"message":"\u001b[2mexpect(\u001b[22m\u001b[31mjest.fn()\u001b[39m\u001b[2m).\u001b[22mtoHaveBeenCalledWith\u001b[2m(\u001b[22m\u001b[32m...expected\u001b[39m\u001b[2m)\u001b[22m\n\n\u001b[32m- Expected\u001b[39m\n\u001b[31m+ Received\u001b[39m\n\n\u001b[2m  Object {\u001b[22m\n\u001b[32m-   \"message\": \"Lỗi database\",\u001b[39m\n\u001b[31m+   \"message\": \"Event.findByIdAndUpdate(...).populate is not a function\",\u001b[39m\n\u001b[2m    \"success\": false,\u001b[22m\n\u001b[2m  }\u001b[22m,\n\nNumber of calls: \u001b[31m1\u001b[39m","pass":false}}],"failureMessages":["Error: \u001b[2mexpect(\u001b[22m\u001b[31mjest.fn()\u001b[39m\u001b[2m).\u001b[22mtoHaveBeenCalledWith\u001b[2m(\u001b[22m\u001b[32m...expected\u001b[39m\u001b[2m)\u001b[22m\n\n\u001b[32m- Expected\u001b[39m\n\u001b[31m+ Received\u001b[39m\n\n\u001b[2m  Object {\u001b[22m\n\u001b[32m-   \"message\": \"Lỗi database\",\u001b[39m\n\u001b[31m+   \"message\": \"Event.findByIdAndUpdate(...).populate is not a function\",\u001b[39m\n\u001b[2m    \"success\": false,\u001b[22m\n\u001b[2m  }\u001b[22m,\n\nNumber of calls: \u001b[31m1\u001b[39m\n    at Object.toHaveBeenCalledWith (C:\\WDP_Diagram\\NewTestCode\\wdp301_fall25\\backend\\tests\\controllers\\eventController.test.js:462:22)\n    at processTicksAndRejections (node:internal/process/task_queues:95:5)"],"fullName":"Event Controller - updateEvent Phải trả về status 500 và message lỗi khi có lỗi xảy ra","invocations":1,"location":null,"numPassingAsserts":1,"retryReasons":[],"startAt":1761552683039,"status":"failed","title":"Phải trả về status 500 và message lỗi khi có lỗi xảy ra"},{"ancestorTitles":["Event Controller - deleteEvent"],"duration":3,"failing":false,"failureDetails":[],"failureMessages":[],"fullName":"Event Controller - deleteEvent Phải trả về status 200 khi xóa sự kiện thành công","invocations":1,"location":null,"numPassingAsserts":3,"retryReasons":[],"startAt":1761552683055,"status":"passed","title":"Phải trả về status 200 khi xóa sự kiện thành công"},{"ancestorTitles":["Event Controller - deleteEvent"],"duration":4,"failing":false,"failureDetails":[],"failureMessages":[],"fullName":"Event Controller - deleteEvent Phải trả về status 404 khi không tìm thấy sự kiện với ID đã cho","invocations":1,"location":null,"numPassingAsserts":2,"retryReasons":[],"startAt":1761552683058,"status":"passed","title":"Phải trả về status 404 khi không tìm thấy sự kiện với ID đã cho"},{"ancestorTitles":["Event Controller - deleteEvent"],"duration":5,"failing":false,"failureDetails":[],"failureMessages":[],"fullName":"Event Controller - deleteEvent Phải trả về status 500 và message lỗi khi có lỗi xảy ra","invocations":1,"location":null,"numPassingAsserts":2,"retryReasons":[],"startAt":1761552683063,"status":"passed","title":"Phải trả về status 500 và message lỗi khi có lỗi xảy ra"},{"ancestorTitles":["Event Controller - getEventsByMode"],"duration":10,"failing":false,"failureDetails":[{"matcherResult":{"message":"\u001b[2mexpect(\u001b[22m\u001b[31mjest.fn()\u001b[39m\u001b[2m).\u001b[22mtoHaveBeenCalledWith\u001b[2m(\u001b[22m\u001b[32m...expected\u001b[39m\u001b[2m)\u001b[22m\n\nExpected: \u001b[32m{\"start_time\": {\"$gte\": 2025-10-18T00:00:00.000Z, \"$lte\": 2025-10-25T23:59:59.999Z}}\u001b[39m\nReceived\n       1: called with 0 arguments\n       2\n        \u001b[2m  Object {\u001b[22m\n        \u001b[2m    \"start_time\": Object {\u001b[22m\n        \u001b[32m-     \"$gte\": 2025-10-18T00:00:00.000Z,\u001b[39m\n        \u001b[32m-     \"$lte\": 2025-10-25T23:59:59.999Z,\u001b[39m\n        \u001b[31m+     \"$gte\": 2025-10-17T17:00:00.000Z,\u001b[39m\n        \u001b[31m+     \"$lte\": 2025-10-25T16:59:59.999Z,\u001b[39m\n        \u001b[2m    },\u001b[22m\n        \u001b[2m  }\u001b[22m,\n\nNumber of calls: \u001b[31m2\u001b[39m","pass":false}}],"failureMessages":["Error: \u001b[2mexpect(\u001b[22m\u001b[31mjest.fn()\u001b[39m\u001b[2m).\u001b[22mtoHaveBeenCalledWith\u001b[2m(\u001b[22m\u001b[32m...expected\u001b[39m\u001b[2m)\u001b[22m\n\nExpected: \u001b[32m{\"start_time\": {\"$gte\": 2025-10-18T00:00:00.000Z, \"$lte\": 2025-10-25T23:59:59.999Z}}\u001b[39m\nReceived\n       1: called with 0 arguments\n       2\n        \u001b[2m  Object {\u001b[22m\n        \u001b[2m    \"start_time\": Object {\u001b[22m\n        \u001b[32m-     \"$gte\": 2025-10-18T00:00:00.000Z,\u001b[39m\n        \u001b[32m-     \"$lte\": 2025-10-25T23:59:59.999Z,\u001b[39m\n        \u001b[31m+     \"$gte\": 2025-10-17T17:00:00.000Z,\u001b[39m\n        \u001b[31m+     \"$lte\": 2025-10-25T16:59:59.999Z,\u001b[39m\n        \u001b[2m    },\u001b[22m\n        \u001b[2m  }\u001b[22m,\n\nNumber of calls: \u001b[31m2\u001b[39m\n    at Object.toHaveBeenCalledWith (C:\\WDP_Diagram\\NewTestCode\\wdp301_fall25\\backend\\tests\\controllers\\eventController.test.js:582:24)\n    at processTicksAndRejections (node:internal/process/task_queues:95:5)"],"fullName":"Event Controller - getEventsByMode Phải trả về status 200 và danh sách sự kiện theo thời gian","invocations":1,"location":null,"numPassingAsserts":0,"retryReasons":[],"startAt":1761552683072,"status":"failed","title":"Phải trả về status 200 và danh sách sự kiện theo thời gian"},{"ancestorTitles":["Event Controller - getEventsByMode"],"duration":39,"failing":false,"failureDetails":[],"failureMessages":[],"fullName":"Event Controller - getEventsByMode Phải trả về status 500 nếu có lỗi xảy ra","invocations":1,"location":null,"numPassingAsserts":2,"retryReasons":[],"startAt":1761552683083,"status":"passed","title":"Phải trả về status 500 nếu có lỗi xảy ra"},{"ancestorTitles":["Event Controller - getEventsByCategory"],"duration":9,"failing":false,"failureDetails":[{"matcherResult":{"message":"\u001b[2mexpect(\u001b[22m\u001b[31mjest.fn()\u001b[39m\u001b[2m).\u001b[22mtoHaveBeenCalledWith\u001b[2m(\u001b[22m\u001b[32m...expected\u001b[39m\u001b[2m)\u001b[22m\n\n\u001b[32m- Expected\u001b[39m\n\u001b[31m+ Received\u001b[39m\n\n\u001b[33m@@ -3,12 +3,12 @@\u001b[39m\n\u001b[2m      Object {\u001b[22m\n\u001b[2m        \"_id\": \"1\",\u001b[22m\n\u001b[2m        \"category_id\": Object {\u001b[22m\n\u001b[2m          \"name\": \"Music\",\u001b[22m\n\u001b[2m        },\u001b[22m\n\u001b[32m-       \"display_status\": \"Test Status\",\u001b[39m\n\u001b[31m+       \"display_status\": \"Unknown\",\u001b[39m\n\u001b[2m        \"title\": \"Sự kiện Âm nhạc\",\u001b[22m\n\u001b[32m-       \"toObject\": Any<Function>,\u001b[39m\n\u001b[31m+       \"toObject\": [Function toObject],\u001b[39m\n\u001b[2m      },\u001b[22m\n\u001b[2m    ],\u001b[22m\n\u001b[2m    \"success\": true,\u001b[22m\n\u001b[2m  }\u001b[22m,\n\nNumber of calls: \u001b[31m1\u001b[39m","pass":false}}],"failureMessages":["Error: \u001b[2mexpect(\u001b[22m\u001b[31mjest.fn()\u001b[39m\u001b[2m).\u001b[22mtoHaveBeenCalledWith\u001b[2m(\u001b[22m\u001b[32m...expected\u001b[39m\u001b[2m)\u001b[22m\n\n\u001b[32m- Expected\u001b[39m\n\u001b[31m+ Received\u001b[39m\n\n\u001b[33m@@ -3,12 +3,12 @@\u001b[39m\n\u001b[2m      Object {\u001b[22m\n\u001b[2m        \"_id\": \"1\",\u001b[22m\n\u001b[2m        \"category_id\": Object {\u001b[22m\n\u001b[2m          \"name\": \"Music\",\u001b[22m\n\u001b[2m        },\u001b[22m\n\u001b[32m-       \"display_status\": \"Test Status\",\u001b[39m\n\u001b[31m+       \"display_status\": \"Unknown\",\u001b[39m\n\u001b[2m        \"title\": \"Sự kiện Âm nhạc\",\u001b[22m\n\u001b[32m-       \"toObject\": Any<Function>,\u001b[39m\n\u001b[31m+       \"toObject\": [Function toObject],\u001b[39m\n\u001b[2m      },\u001b[22m\n\u001b[2m    ],\u001b[22m\n\u001b[2m    \"success\": true,\u001b[22m\n\u001b[2m  }\u001b[22m,\n\nNumber of calls: \u001b[31m1\u001b[39m\n    at Object.toHaveBeenCalledWith (C:\\WDP_Diagram\\NewTestCode\\wdp301_fall25\\backend\\tests\\controllers\\eventController.test.js:656:22)\n    at processTicksAndRejections (node:internal/process/task_queues:95:5)"],"fullName":"Event Controller - getEventsByCategory Phải trả về status 200 và danh sách sự kiện theo phân loại ","invocations":1,"location":null,"numPassingAsserts":2,"retryReasons":[],"startAt":1761552683125,"status":"failed","title":"Phải trả về status 200 và danh sách sự kiện theo phân loại "},{"ancestorTitles":["Event Controller - getEventsByCategory"],"duration":3,"failing":false,"failureDetails":[],"failureMessages":[],"fullName":"Event Controller - getEventsByCategory Phải trả về status 500 nếu có lỗi xảy ra","invocations":1,"location":null,"numPassingAsserts":2,"retryReasons":[],"startAt":1761552683135,"status":"passed","title":"Phải trả về status 500 nếu có lỗi xảy ra"},{"ancestorTitles":["Event Controller - getEventsByCategory"],"duration":1,"failing":false,"failureDetails":[],"failureMessages":[],"fullName":"Event Controller - getEventsByCategory Phải trả về status 400 nếu thiếu tham số 'category'","invocations":1,"location":null,"numPassingAsserts":3,"retryReasons":[],"startAt":1761552683139,"status":"passed","title":"Phải trả về status 400 nếu thiếu tham số 'category'"}],"endTime":1761552683253,"message":"\u001b[1m\u001b[31m  \u001b[1m● \u001b[22m\u001b[1mEvent Controller - updateEvent › Phải trả về status 200 và sự kiện đã cập nhật\u001b[39m\u001b[22m\n\n    \u001b[2mexpect(\u001b[22m\u001b[31mjest.fn()\u001b[39m\u001b[2m).\u001b[22mtoHaveBeenCalledWith\u001b[2m(\u001b[22m\u001b[32m...expected\u001b[39m\u001b[2m)\u001b[22m\n\n    Expected: \u001b[32m\"68ff292a53318e41b55760cb\"\u001b[39m\n\n    Number of calls: \u001b[31m0\u001b[39m\n\u001b[2m\u001b[22m\n\u001b[2m    \u001b[0m \u001b[90m 409 |\u001b[39m     \u001b[36mawait\u001b[39m updateEvent(req\u001b[33m,\u001b[39m res)\u001b[33m;\u001b[39m\u001b[22m\n\u001b[2m     \u001b[90m 410 |\u001b[39m     \u001b[90m// --- ASSERT ---\u001b[39m\u001b[22m\n\u001b[2m    \u001b[31m\u001b[1m>\u001b[22m\u001b[2m\u001b[39m\u001b[90m 411 |\u001b[39m     expect(\u001b[33mEvent\u001b[39m\u001b[33m.\u001b[39mfindById)\u001b[33m.\u001b[39mtoHaveBeenCalledWith(eventId)\u001b[33m;\u001b[39m\u001b[22m\n\u001b[2m     \u001b[90m     |\u001b[39m                            \u001b[31m\u001b[1m^\u001b[22m\u001b[2m\u001b[39m\u001b[22m\n\u001b[2m     \u001b[90m 412 |\u001b[39m     expect(mockEventBeforeUpdate\u001b[33m.\u001b[39msave)\u001b[33m.\u001b[39mtoHaveBeenCalled()\u001b[33m;\u001b[39m \u001b[90m// Quan trọng: Kiểm tra xem save() có được gọi không\u001b[39m\u001b[22m\n\u001b[2m     \u001b[90m 413 |\u001b[39m     expect(res\u001b[33m.\u001b[39mstatus)\u001b[33m.\u001b[39mtoHaveBeenCalledWith(\u001b[35m200\u001b[39m)\u001b[33m;\u001b[39m\u001b[22m\n\u001b[2m     \u001b[90m 414 |\u001b[39m     expect(res\u001b[33m.\u001b[39mjson)\u001b[33m.\u001b[39mtoHaveBeenCalledWith({\u001b[0m\u001b[22m\n\u001b[2m\u001b[22m\n\u001b[2m      \u001b[2mat Object.toHaveBeenCalledWith (\u001b[22m\u001b[2m\u001b[0m\u001b[36mtests/controllers/eventController.test.js\u001b[39m\u001b[0m\u001b[2m:411:28)\u001b[22m\u001b[2m\u001b[22m\n\n\u001b[1m\u001b[31m  \u001b[1m● \u001b[22m\u001b[1mEvent Controller - updateEvent › Phải trả về status 404 khi không tìm thấy sự kiện với ID đã cho\u001b[39m\u001b[22m\n\n    \u001b[2mexpect(\u001b[22m\u001b[31mjest.fn()\u001b[39m\u001b[2m).\u001b[22mtoHaveBeenCalledWith\u001b[2m(\u001b[22m\u001b[32m...expected\u001b[39m\u001b[2m)\u001b[22m\n\n    Expected: \u001b[32m404\u001b[39m\n    Received: \u001b[31m500\u001b[39m\n\n    Number of calls: \u001b[31m1\u001b[39m\n\u001b[2m\u001b[22m\n\u001b[2m    \u001b[0m \u001b[90m 438 |\u001b[39m     \u001b[36mawait\u001b[39m updateEvent(req\u001b[33m,\u001b[39m res)\u001b[33m;\u001b[39m \u001b[90m// Gọi hàm updateEvent\u001b[39m\u001b[22m\n\u001b[2m     \u001b[90m 439 |\u001b[39m     \u001b[90m// --- ASSERT ---\u001b[39m\u001b[22m\n\u001b[2m    \u001b[31m\u001b[1m>\u001b[22m\u001b[2m\u001b[39m\u001b[90m 440 |\u001b[39m     expect(res\u001b[33m.\u001b[39mstatus)\u001b[33m.\u001b[39mtoHaveBeenCalledWith(\u001b[35m404\u001b[39m)\u001b[33m;\u001b[39m \u001b[90m// Kiểm tra mã trạng thái trả về\u001b[39m\u001b[22m\n\u001b[2m     \u001b[90m     |\u001b[39m                        \u001b[31m\u001b[1m^\u001b[22m\u001b[2m\u001b[39m\u001b[22m\n\u001b[2m     \u001b[90m 441 |\u001b[39m     expect(res\u001b[33m.\u001b[39mjson)\u001b[33m.\u001b[39mtoHaveBeenCalledWith({\u001b[22m\n\u001b[2m     \u001b[90m 442 |\u001b[39m       success\u001b[33m:\u001b[39m \u001b[36mfalse\u001b[39m\u001b[33m,\u001b[39m\u001b[22m\n\u001b[2m     \u001b[90m 443 |\u001b[39m       message\u001b[33m:\u001b[39m \u001b[32m\"Event not found\"\u001b[39m\u001b[33m,\u001b[39m \u001b[90m// Kiểm tra thông báo lỗi trả về\u001b[39m\u001b[0m\u001b[22m\n\u001b[2m\u001b[22m\n\u001b[2m      \u001b[2mat Object.toHaveBeenCalledWith (\u001b[22m\u001b[2m\u001b[0m\u001b[36mtests/controllers/eventController.test.js\u001b[39m\u001b[0m\u001b[2m:440:24)\u001b[22m\u001b[2m\u001b[22m\n\n\u001b[1m\u001b[31m  \u001b[1m● \u001b[22m\u001b[1mEvent Controller - updateEvent › Phải trả về status 500 và message lỗi khi có lỗi xảy ra\u001b[39m\u001b[22m\n\n    \u001b[2mexpect(\u001b[22m\u001b[31mjest.fn()\u001b[39m\u001b[2m).\u001b[22mtoHaveBeenCalledWith\u001b[2m(\u001b[22m\u001b[32m...expected\u001b[39m\u001b[2m)\u001b[22m\n\n    \u001b[32m- Expected\u001b[39m\n    \u001b[31m+ Received\u001b[39m\n\n    \u001b[2m  Object {\u001b[22m\n    \u001b[32m-   \"message\": \"Lỗi database\",\u001b[39m\n    \u001b[31m+   \"message\": \"Event.findByIdAndUpdate(...).populate is not a function\",\u001b[39m\n    \u001b[2m    \"success\": false,\u001b[22m\n    \u001b[2m  }\u001b[22m,\n\n    Number of calls: \u001b[31m1\u001b[39m\n\u001b[2m\u001b[22m\n\u001b[2m    \u001b[0m \u001b[90m 460 |\u001b[39m     \u001b[90m// --- ASSERT ---\u001b[39m\u001b[22m\n\u001b[2m     \u001b[90m 461 |\u001b[39m     expect(res\u001b[33m.\u001b[39mstatus)\u001b[33m.\u001b[39mtoHaveBeenCalledWith(\u001b[35m500\u001b[39m)\u001b[33m;\u001b[39m\u001b[22m\n\u001b[2m    \u001b[31m\u001b[1m>\u001b[22m\u001b[2m\u001b[39m\u001b[90m 462 |\u001b[39m     expect(res\u001b[33m.\u001b[39mjson)\u001b[33m.\u001b[39mtoHaveBeenCalledWith({\u001b[22m\n\u001b[2m     \u001b[90m     |\u001b[39m                      \u001b[31m\u001b[1m^\u001b[22m\u001b[2m\u001b[39m\u001b[22m\n\u001b[2m     \u001b[90m 463 |\u001b[39m       success\u001b[33m:\u001b[39m \u001b[36mfalse\u001b[39m\u001b[33m,\u001b[39m\u001b[22m\n\u001b[2m     \u001b[90m 464 |\u001b[39m       message\u001b[33m:\u001b[39m errorMessage\u001b[33m,\u001b[39m\u001b[22m\n\u001b[2m     \u001b[90m 465 |\u001b[39m     })\u001b[33m;\u001b[39m\u001b[0m\u001b[22m\n\u001b[2m\u001b[22m\n\u001b[2m      \u001b[2mat Object.toHaveBeenCalledWith (\u001b[22m\u001b[2m\u001b[0m\u001b[36mtests/controllers/eventController.test.js\u001b[39m\u001b[0m\u001b[2m:462:22)\u001b[22m\u001b[2m\u001b[22m\n\n\u001b[1m\u001b[31m  \u001b[1m● \u001b[22m\u001b[1mEvent Controller - getEventsByMode › Phải trả về status 200 và danh sách sự kiện theo thời gian\u001b[39m\u001b[22m\n\n    \u001b[2mexpect(\u001b[22m\u001b[31mjest.fn()\u001b[39m\u001b[2m).\u001b[22mtoHaveBeenCalledWith\u001b[2m(\u001b[22m\u001b[32m...expected\u001b[39m\u001b[2m)\u001b[22m\n\n    Expected: \u001b[32m{\"start_time\": {\"$gte\": 2025-10-18T00:00:00.000Z, \"$lte\": 2025-10-25T23:59:59.999Z}}\u001b[39m\n    Received\n           1: called with 0 arguments\n           2\n            \u001b[2m  Object {\u001b[22m\n            \u001b[2m    \"start_time\": Object {\u001b[22m\n            \u001b[32m-     \"$gte\": 2025-10-18T00:00:00.000Z,\u001b[39m\n            \u001b[32m-     \"$lte\": 2025-10-25T23:59:59.999Z,\u001b[39m\n            \u001b[31m+     \"$gte\": 2025-10-17T17:00:00.000Z,\u001b[39m\n            \u001b[31m+     \"$lte\": 2025-10-25T16:59:59.999Z,\u001b[39m\n            \u001b[2m    },\u001b[22m\n            \u001b[2m  }\u001b[22m,\n\n    Number of calls: \u001b[31m2\u001b[39m\n\u001b[2m\u001b[22m\n\u001b[2m    \u001b[0m \u001b[90m 580 |\u001b[39m     \u001b[36mawait\u001b[39m getEventsByMode(req\u001b[33m,\u001b[39m res)\u001b[33m;\u001b[39m\u001b[22m\n\u001b[2m     \u001b[90m 581 |\u001b[39m     \u001b[90m// --- ASSERT ---\u001b[39m\u001b[22m\n\u001b[2m    \u001b[31m\u001b[1m>\u001b[22m\u001b[2m\u001b[39m\u001b[90m 582 |\u001b[39m     expect(\u001b[33mEvent\u001b[39m\u001b[33m.\u001b[39mfind)\u001b[33m.\u001b[39mtoHaveBeenCalledWith({\u001b[22m\n\u001b[2m     \u001b[90m     |\u001b[39m                        \u001b[31m\u001b[1m^\u001b[22m\u001b[2m\u001b[39m\u001b[22m\n\u001b[2m     \u001b[90m 583 |\u001b[39m       start_time\u001b[33m:\u001b[39m { $gte\u001b[33m:\u001b[39m expectedStart\u001b[33m,\u001b[39m $lte\u001b[33m:\u001b[39m expectedEnd }\u001b[33m,\u001b[39m\u001b[22m\n\u001b[2m     \u001b[90m 584 |\u001b[39m     })\u001b[33m;\u001b[39m\u001b[22m\n\u001b[2m     \u001b[90m 585 |\u001b[39m     expect(res\u001b[33m.\u001b[39mstatus)\u001b[33m.\u001b[39mtoHaveBeenCalledWith(\u001b[35m200\u001b[39m)\u001b[33m;\u001b[39m\u001b[0m\u001b[22m\n\u001b[2m\u001b[22m\n\u001b[2m      \u001b[2mat Object.toHaveBeenCalledWith (\u001b[22m\u001b[2m\u001b[0m\u001b[36mtests/controllers/eventController.test.js\u001b[39m\u001b[0m\u001b[2m:582:24)\u001b[22m\u001b[2m\u001b[22m\n\n\u001b[1m\u001b[31m  \u001b[1m● \u001b[22m\u001b[1mEvent Controller - getEventsByCategory › Phải trả về status 200 và danh sách sự kiện theo phân loại \u001b[39m\u001b[22m\n\n    \u001b[2mexpect(\u001b[22m\u001b[31mjest.fn()\u001b[39m\u001b[2m).\u001b[22mtoHaveBeenCalledWith\u001b[2m(\u001b[22m\u001b[32m...expected\u001b[39m\u001b[2m)\u001b[22m\n\n    \u001b[32m- Expected\u001b[39m\n    \u001b[31m+ Received\u001b[39m\n\n    \u001b[33m@@ -3,12 +3,12 @@\u001b[39m\n    \u001b[2m      Object {\u001b[22m\n    \u001b[2m        \"_id\": \"1\",\u001b[22m\n    \u001b[2m        \"category_id\": Object {\u001b[22m\n    \u001b[2m          \"name\": \"Music\",\u001b[22m\n    \u001b[2m        },\u001b[22m\n    \u001b[32m-       \"display_status\": \"Test Status\",\u001b[39m\n    \u001b[31m+       \"display_status\": \"Unknown\",\u001b[39m\n    \u001b[2m        \"title\": \"Sự kiện Âm nhạc\",\u001b[22m\n    \u001b[32m-       \"toObject\": Any<Function>,\u001b[39m\n    \u001b[31m+       \"toObject\": [Function toObject],\u001b[39m\n    \u001b[2m      },\u001b[22m\n    \u001b[2m    ],\u001b[22m\n    \u001b[2m    \"success\": true,\u001b[22m\n    \u001b[2m  }\u001b[22m,\n\n    Number of calls: \u001b[31m1\u001b[39m\n\u001b[2m\u001b[22m\n\u001b[2m    \u001b[0m \u001b[90m 654 |\u001b[39m     expect(res\u001b[33m.\u001b[39mstatus)\u001b[33m.\u001b[39mtoHaveBeenCalledWith(\u001b[35m200\u001b[39m)\u001b[33m;\u001b[39m\u001b[22m\n\u001b[2m     \u001b[90m 655 |\u001b[39m     \u001b[90m// Kiểm tra xem logic filter của JS đã chạy đúng\u001b[39m\u001b[22m\n\u001b[2m    \u001b[31m\u001b[1m>\u001b[22m\u001b[2m\u001b[39m\u001b[90m 656 |\u001b[39m     expect(res\u001b[33m.\u001b[39mjson)\u001b[33m.\u001b[39mtoHaveBeenCalledWith({\u001b[22m\n\u001b[2m     \u001b[90m     |\u001b[39m                      \u001b[31m\u001b[1m^\u001b[22m\u001b[2m\u001b[39m\u001b[22m\n\u001b[2m     \u001b[90m 657 |\u001b[39m       success\u001b[33m:\u001b[39m \u001b[36mtrue\u001b[39m\u001b[33m,\u001b[39m\u001b[22m\n\u001b[2m     \u001b[90m 658 |\u001b[39m       data\u001b[33m:\u001b[39m [\u001b[22m\n\u001b[2m     \u001b[90m 659 |\u001b[39m         {\u001b[0m\u001b[22m\n\u001b[2m\u001b[22m\n\u001b[2m      \u001b[2mat Object.toHaveBeenCalledWith (\u001b[22m\u001b[2m\u001b[0m\u001b[36mtests/controllers/eventController.test.js\u001b[39m\u001b[0m\u001b[2m:656:22)\u001b[22m\u001b[2m\u001b[22m\n","name":"C:\\WDP_Diagram\\NewTestCode\\wdp301_fall25\\backend\\tests\\controllers\\eventController.test.js","startTime":1761552681091,"status":"failed","summary":""},{"assertionResults":[{"ancestorTitles":["Binh Controller - getCategoryById"],"duration":14,"failing":false,"failureDetails":[],"failureMessages":[],"fullName":"Binh Controller - getCategoryById Phải trả về status 200 và category tìm thấy","invocations":1,"location":null,"numPassingAsserts":3,"retryReasons":[],"startAt":1761552683103,"status":"passed","title":"Phải trả về status 200 và category tìm thấy"},{"ancestorTitles":["Binh Controller - getCategoryById"],"duration":3,"failing":false,"failureDetails":[],"failureMessages":[],"fullName":"Binh Controller - getCategoryById Phải trả về status 404 khi không tìm thấy category","invocations":1,"location":null,"numPassingAsserts":3,"retryReasons":[],"startAt":1761552683118,"status":"passed","title":"Phải trả về status 404 khi không tìm thấy category"},{"ancestorTitles":["Binh Controller - getCategoryById"],"duration":8,"failing":false,"failureDetails":[],"failureMessages":[],"fullName":"Binh Controller - getCategoryById Phải trả về status 500 khi có lỗi database","invocations":1,"location":null,"numPassingAsserts":3,"retryReasons":[],"startAt":1761552683122,"status":"passed","title":"Phải trả về status 500 khi có lỗi database"},{"ancestorTitles":["Binh Controller - getAllTickets"],"duration":4,"failing":false,"failureDetails":[],"failureMessages":[],"fullName":"Binh Controller - getAllTickets Phải trả về status 200 và danh sách vé","invocations":1,"location":null,"numPassingAsserts":4,"retryReasons":[],"startAt":1761552683131,"status":"passed","title":"Phải trả về status 200 và danh sách vé"},{"ancestorTitles":["Binh Controller - getAllTickets"],"duration":4,"failing":false,"failureDetails":[],"failureMessages":[],"fullName":"Binh Controller - getAllTickets Phải trả về status 500 nếu có lỗi xảy ra","invocations":1,"location":null,"numPassingAsserts":4,"retryReasons":[],"startAt":1761552683136,"status":"passed","title":"Phải trả về status 500 nếu có lỗi xảy ra"},{"ancestorTitles":["Binh Controller - getTicketsByEventId"],"duration":179,"failing":false,"failureDetails":[],"failureMessages":[],"fullName":"Binh Controller - getTicketsByEventId Phải trả về status 200 và danh sách vé đã được định dạng","invocations":1,"location":null,"numPassingAsserts":4,"retryReasons":[],"startAt":1761552683148,"status":"passed","title":"Phải trả về status 200 và danh sách vé đã được định dạng"},{"ancestorTitles":["Binh Controller - getTicketsByEventId"],"duration":3,"failing":false,"failureDetails":[],"failureMessages":[],"fullName":"Binh Controller - getTicketsByEventId Phải trả về status 404 nếu không tìm thấy vé","invocations":1,"location":null,"numPassingAsserts":4,"retryReasons":[],"startAt":1761552683329,"status":"passed","title":"Phải trả về status 404 nếu không tìm thấy vé"},{"ancestorTitles":["Binh Controller - getTicketsByEventId"],"duration":2,"failing":false,"failureDetails":[],"failureMessages":[],"fullName":"Binh Controller - getTicketsByEventId Phải trả về status 500 nếu có lỗi database","invocations":1,"location":null,"numPassingAsserts":3,"retryReasons":[],"startAt":1761552683333,"status":"passed","title":"Phải trả về status 500 nếu có lỗi database"},{"ancestorTitles":["Binh Controller - getFormattedEvents"],"duration":47,"failing":false,"failureDetails":[],"failureMessages":[],"fullName":"Binh Controller - getFormattedEvents Phải trả về status 200 và danh sách sự kiện đã được định dạng","invocations":1,"location":null,"numPassingAsserts":4,"retryReasons":[],"startAt":1761552683339,"status":"passed","title":"Phải trả về status 200 và danh sách sự kiện đã được định dạng"},{"ancestorTitles":["Binh Controller - getFormattedEvents"],"duration":158,"failing":false,"failureDetails":[],"failureMessages":[],"fullName":"Binh Controller - getFormattedEvents Phải trả về status 500 nếu có lỗi database","invocations":1,"location":null,"numPassingAsserts":3,"retryReasons":[],"startAt":1761552683387,"status":"passed","title":"Phải trả về status 500 nếu có lỗi database"},{"ancestorTitles":["Binh Controller - getBannerByRandomCurrentEvent"],"duration":15,"failing":false,"failureDetails":[],"failureMessages":[],"fullName":"Binh Controller - getBannerByRandomCurrentEvent Phải trả về status 200 và tối đa 3 sự kiện đang diễn ra","invocations":1,"location":null,"numPassingAsserts":5,"retryReasons":[],"startAt":1761552683549,"status":"passed","title":"Phải trả về status 200 và tối đa 3 sự kiện đang diễn ra"},{"ancestorTitles":["Binh Controller - getBannerByRandomCurrentEvent"],"duration":2,"failing":false,"failureDetails":[],"failureMessages":[],"fullName":"Binh Controller - getBannerByRandomCurrentEvent Phải trả về status 200 và mảng rỗng nếu không có sự kiện nào đang diễn ra","invocations":1,"location":null,"numPassingAsserts":2,"retryReasons":[],"startAt":1761552683565,"status":"passed","title":"Phải trả về status 200 và mảng rỗng nếu không có sự kiện nào đang diễn ra"},{"ancestorTitles":["Binh Controller - getBannerByRandomCurrentEvent"],"duration":3,"failing":false,"failureDetails":[],"failureMessages":[],"fullName":"Binh Controller - getBannerByRandomCurrentEvent Phải trả về status 500 nếu có lỗi database","invocations":1,"location":null,"numPassingAsserts":3,"retryReasons":[],"startAt":1761552683567,"status":"passed","title":"Phải trả về status 500 nếu có lỗi database"},{"ancestorTitles":["Discount Controller - getDiscountsByEventId"],"duration":2,"failing":false,"failureDetails":[],"failureMessages":[],"fullName":"Discount Controller - getDiscountsByEventId Phải trả về status 200 và danh sách discount đã được định dạng (available)","invocations":1,"location":null,"numPassingAsserts":3,"retryReasons":[],"startAt":1761552683573,"status":"passed","title":"Phải trả về status 200 và danh sách discount đã được định dạng (available)"},{"ancestorTitles":["Discount Controller - getDiscountsByEventId"],"duration":2,"failing":false,"failureDetails":[],"failureMessages":[],"fullName":"Discount Controller - getDiscountsByEventId Phải trả về status 404 nếu không tìm thấy discount","invocations":1,"location":null,"numPassingAsserts":3,"retryReasons":[],"startAt":1761552683576,"status":"passed","title":"Phải trả về status 404 nếu không tìm thấy discount"},{"ancestorTitles":["Discount Controller - getDiscountsByEventId"],"duration":1,"failing":false,"failureDetails":[],"failureMessages":[],"fullName":"Discount Controller - getDiscountsByEventId Phải trả về status 500 nếu có lỗi database","invocations":1,"location":null,"numPassingAsserts":3,"retryReasons":[],"startAt":1761552683578,"status":"passed","title":"Phải trả về status 500 nếu có lỗi database"},{"ancestorTitles":["Discount Controller - getDiscountsByEventId"],"duration":2,"failing":false,"failureDetails":[],"failureMessages":[],"fullName":"Discount Controller - getDiscountsByEventId Phải trả về 200 và danh sách discount đã định dạng (available)","invocations":1,"location":null,"numPassingAsserts":3,"retryReasons":[],"startAt":1761552683580,"status":"passed","title":"Phải trả về 200 và danh sách discount đã định dạng (available)"},{"ancestorTitles":["Discount Controller - getDiscountsByEventId"],"duration":1,"failing":false,"failureDetails":[],"failureMessages":[],"fullName":"Discount Controller - getDiscountsByEventId Phải trả về 404 nếu không tìm thấy discount","invocations":1,"location":null,"numPassingAsserts":3,"retryReasons":[],"startAt":1761552683582,"status":"passed","title":"Phải trả về 404 nếu không tìm thấy discount"},{"ancestorTitles":["Discount Controller - getDiscountsByEventId"],"duration":1,"failing":false,"failureDetails":[],"failureMessages":[],"fullName":"Discount Controller - getDiscountsByEventId Phải trả về 500 nếu có lỗi database","invocations":1,"location":null,"numPassingAsserts":3,"retryReasons":[],"startAt":1761552683583,"status":"passed","title":"Phải trả về 500 nếu có lỗi database"},{"ancestorTitles":["Discount Controller - updateDiscount"],"duration":2,"failing":false,"failureDetails":[],"failureMessages":[],"fullName":"Discount Controller - updateDiscount Phải trả về 200, thêm user, và alreadyUsed: false","invocations":1,"location":null,"numPassingAsserts":6,"retryReasons":[],"startAt":1761552683584,"status":"passed","title":"Phải trả về 200, thêm user, và alreadyUsed: false"},{"ancestorTitles":["Discount Controller - updateDiscount"],"duration":2,"failing":false,"failureDetails":[],"failureMessages":[],"fullName":"Discount Controller - updateDiscount Phải trả về 200, *không* save, và alreadyUsed: true","invocations":1,"location":null,"numPassingAsserts":4,"retryReasons":[],"startAt":1761552683586,"status":"passed","title":"Phải trả về 200, *không* save, và alreadyUsed: true"},{"ancestorTitles":["Discount Controller - updateDiscount"],"duration":1,"failing":false,"failureDetails":[],"failureMessages":[],"fullName":"Discount Controller - updateDiscount Phải trả về 400 nếu voucher đã hết lượt","invocations":1,"location":null,"numPassingAsserts":4,"retryReasons":[],"startAt":1761552683588,"status":"passed","title":"Phải trả về 400 nếu voucher đã hết lượt"},{"ancestorTitles":["Discount Controller - updateDiscount"],"duration":1,"failing":false,"failureDetails":[],"failureMessages":[],"fullName":"Discount Controller - updateDiscount Phải trả về 404 nếu không tìm thấy discount","invocations":1,"location":null,"numPassingAsserts":4,"retryReasons":[],"startAt":1761552683589,"status":"passed","title":"Phải trả về 404 nếu không tìm thấy discount"},{"ancestorTitles":["Discount Controller - updateDiscount"],"duration":2,"failing":false,"failureDetails":[],"failureMessages":[],"fullName":"Discount Controller - updateDiscount Phải trả về 400 nếu ID không hợp lệ","invocations":1,"location":null,"numPassingAsserts":4,"retryReasons":[],"startAt":1761552683590,"status":"passed","title":"Phải trả về 400 nếu ID không hợp lệ"},{"ancestorTitles":["Discount Controller - updateDiscount"],"duration":4,"failing":false,"failureDetails":[],"failureMessages":[],"fullName":"Discount Controller - updateDiscount Phải trả về 500 nếu .findById ném lỗi","invocations":1,"location":null,"numPassingAsserts":3,"retryReasons":[],"startAt":1761552683592,"status":"passed","title":"Phải trả về 500 nếu .findById ném lỗi"},{"ancestorTitles":["Order Controller - getOrderDetails"],"duration":10,"failing":false,"failureDetails":[{"matcherResult":{"message":"\u001b[2mexpect(\u001b[22m\u001b[31mjest.fn()\u001b[39m\u001b[2m).\u001b[22mtoHaveBeenCalledWith\u001b[2m(\u001b[22m\u001b[32m...expected\u001b[39m\u001b[2m)\u001b[22m\n\n\u001b[32m- Expected\u001b[39m\n\u001b[31m+ Received\u001b[39m\n\n\u001b[33m@@ -8,18 +8,20 @@\u001b[39m\n\u001b[2m    },\u001b[22m\n\u001b[2m    \"products\": Array [\u001b[22m\n\u001b[2m      Object {\u001b[22m\n\u001b[2m        \"event\": Object {\u001b[22m\n\u001b[2m          \"end_time\": \"2025-11-01T22:00Z\",\u001b[22m\n\u001b[31m+         \"id\": undefined,\u001b[39m\n\u001b[31m+         \"img\": undefined,\u001b[39m\n\u001b[2m          \"location\": \"Sân vận động\",\u001b[22m\n\u001b[2m          \"start_time\": \"2025-11-01T19:00Z\",\u001b[22m\n\u001b[2m          \"title\": \"Sự kiện A\",\u001b[22m\n\u001b[2m        },\u001b[22m\n\u001b[2m        \"name\": \"Vé VIP\",\u001b[22m\n\u001b[32m-       \"price\": 150000,\u001b[39m\n\u001b[31m+       \"price\": 0,\u001b[39m\n\u001b[2m        \"quantity\": 1,\u001b[22m\n\u001b[32m-       \"total_price\": 150000,\u001b[39m\n\u001b[31m+       \"total_price\": 0,\u001b[39m\n\u001b[2m        \"type\": \"ticket\",\u001b[22m\n\u001b[2m      },\u001b[22m\n\u001b[2m    ],\u001b[22m\n\u001b[2m    \"success\": true,\u001b[22m\n\u001b[2m    \"user\": Object {\u001b[22m,\n\nNumber of calls: \u001b[31m1\u001b[39m","pass":false}}],"failureMessages":["Error: \u001b[2mexpect(\u001b[22m\u001b[31mjest.fn()\u001b[39m\u001b[2m).\u001b[22mtoHaveBeenCalledWith\u001b[2m(\u001b[22m\u001b[32m...expected\u001b[39m\u001b[2m)\u001b[22m\n\n\u001b[32m- Expected\u001b[39m\n\u001b[31m+ Received\u001b[39m\n\n\u001b[33m@@ -8,18 +8,20 @@\u001b[39m\n\u001b[2m    },\u001b[22m\n\u001b[2m    \"products\": Array [\u001b[22m\n\u001b[2m      Object {\u001b[22m\n\u001b[2m        \"event\": Object {\u001b[22m\n\u001b[2m          \"end_time\": \"2025-11-01T22:00Z\",\u001b[22m\n\u001b[31m+         \"id\": undefined,\u001b[39m\n\u001b[31m+         \"img\": undefined,\u001b[39m\n\u001b[2m          \"location\": \"Sân vận động\",\u001b[22m\n\u001b[2m          \"start_time\": \"2025-11-01T19:00Z\",\u001b[22m\n\u001b[2m          \"title\": \"Sự kiện A\",\u001b[22m\n\u001b[2m        },\u001b[22m\n\u001b[2m        \"name\": \"Vé VIP\",\u001b[22m\n\u001b[32m-       \"price\": 150000,\u001b[39m\n\u001b[31m+       \"price\": 0,\u001b[39m\n\u001b[2m        \"quantity\": 1,\u001b[22m\n\u001b[32m-       \"total_price\": 150000,\u001b[39m\n\u001b[31m+       \"total_price\": 0,\u001b[39m\n\u001b[2m        \"type\": \"ticket\",\u001b[22m\n\u001b[2m      },\u001b[22m\n\u001b[2m    ],\u001b[22m\n\u001b[2m    \"success\": true,\u001b[22m\n\u001b[2m    \"user\": Object {\u001b[22m,\n\nNumber of calls: \u001b[31m1\u001b[39m\n    at Object.toHaveBeenCalledWith (C:\\WDP_Diagram\\NewTestCode\\wdp301_fall25\\backend\\tests\\controllers\\binhController.test.js:1354:22)\n    at processTicksAndRejections (node:internal/process/task_queues:95:5)"],"fullName":"Order Controller - getOrderDetails Phải trả về 200 và chi tiết đơn hàng đã được định dạng","invocations":1,"location":null,"numPassingAsserts":7,"retryReasons":[],"startAt":1761552683596,"status":"failed","title":"Phải trả về 200 và chi tiết đơn hàng đã được định dạng"},{"ancestorTitles":["Order Controller - getOrderDetails"],"duration":2,"failing":false,"failureDetails":[],"failureMessages":[],"fullName":"Order Controller - getOrderDetails Phải trả về 404 nếu không tìm thấy đơn hàng","invocations":1,"location":null,"numPassingAsserts":4,"retryReasons":[],"startAt":1761552683607,"status":"passed","title":"Phải trả về 404 nếu không tìm thấy đơn hàng"},{"ancestorTitles":["Order Controller - getOrderDetails"],"duration":4,"failing":false,"failureDetails":[],"failureMessages":[],"fullName":"Order Controller - getOrderDetails Phải trả về 500 nếu có lỗi database","invocations":1,"location":null,"numPassingAsserts":4,"retryReasons":[],"startAt":1761552683609,"status":"passed","title":"Phải trả về 500 nếu có lỗi database"}],"endTime":1761552683678,"message":"\u001b[1m\u001b[31m  \u001b[1m● \u001b[22m\u001b[1mOrder Controller - getOrderDetails › Phải trả về 200 và chi tiết đơn hàng đã được định dạng\u001b[39m\u001b[22m\n\n    \u001b[2mexpect(\u001b[22m\u001b[31mjest.fn()\u001b[39m\u001b[2m).\u001b[22mtoHaveBeenCalledWith\u001b[2m(\u001b[22m\u001b[32m...expected\u001b[39m\u001b[2m)\u001b[22m\n\n    \u001b[32m- Expected\u001b[39m\n    \u001b[31m+ Received\u001b[39m\n\n    \u001b[33m@@ -8,18 +8,20 @@\u001b[39m\n    \u001b[2m    },\u001b[22m\n    \u001b[2m    \"products\": Array [\u001b[22m\n    \u001b[2m      Object {\u001b[22m\n    \u001b[2m        \"event\": Object {\u001b[22m\n    \u001b[2m          \"end_time\": \"2025-11-01T22:00Z\",\u001b[22m\n    \u001b[31m+         \"id\": undefined,\u001b[39m\n    \u001b[31m+         \"img\": undefined,\u001b[39m\n    \u001b[2m          \"location\": \"Sân vận động\",\u001b[22m\n    \u001b[2m          \"start_time\": \"2025-11-01T19:00Z\",\u001b[22m\n    \u001b[2m          \"title\": \"Sự kiện A\",\u001b[22m\n    \u001b[2m        },\u001b[22m\n    \u001b[2m        \"name\": \"Vé VIP\",\u001b[22m\n    \u001b[32m-       \"price\": 150000,\u001b[39m\n    \u001b[31m+       \"price\": 0,\u001b[39m\n    \u001b[2m        \"quantity\": 1,\u001b[22m\n    \u001b[32m-       \"total_price\": 150000,\u001b[39m\n    \u001b[31m+       \"total_price\": 0,\u001b[39m\n    \u001b[2m        \"type\": \"ticket\",\u001b[22m\n    \u001b[2m      },\u001b[22m\n    \u001b[2m    ],\u001b[22m\n    \u001b[2m    \"success\": true,\u001b[22m\n    \u001b[2m    \"user\": Object {\u001b[22m,\n\n    Number of calls: \u001b[31m1\u001b[39m\n\u001b[2m\u001b[22m\n\u001b[2m    \u001b[0m \u001b[90m 1352 |\u001b[39m     expect(res\u001b[33m.\u001b[39mstatus)\u001b[33m.\u001b[39mnot\u001b[33m.\u001b[39mtoHaveBeenCalled()\u001b[33m;\u001b[39m\u001b[22m\n\u001b[2m     \u001b[90m 1353 |\u001b[39m     \u001b[90m// 4. Kiểm tra dữ liệu ĐÃ ĐƯỢC ĐỊNH DẠNG\u001b[39m\u001b[22m\n\u001b[2m    \u001b[31m\u001b[1m>\u001b[22m\u001b[2m\u001b[39m\u001b[90m 1354 |\u001b[39m     expect(res\u001b[33m.\u001b[39mjson)\u001b[33m.\u001b[39mtoHaveBeenCalledWith({\u001b[22m\n\u001b[2m     \u001b[90m      |\u001b[39m                      \u001b[31m\u001b[1m^\u001b[22m\u001b[2m\u001b[39m\u001b[22m\n\u001b[2m     \u001b[90m 1355 |\u001b[39m       success\u001b[33m:\u001b[39m \u001b[36mtrue\u001b[39m\u001b[33m,\u001b[39m\u001b[22m\n\u001b[2m     \u001b[90m 1356 |\u001b[39m       order\u001b[33m:\u001b[39m {\u001b[22m\n\u001b[2m     \u001b[90m 1357 |\u001b[39m         order_id\u001b[33m:\u001b[39m \u001b[32m\"ORDER123\"\u001b[39m\u001b[33m,\u001b[39m\u001b[0m\u001b[22m\n\u001b[2m\u001b[22m\n\u001b[2m      \u001b[2mat Object.toHaveBeenCalledWith (\u001b[22m\u001b[2m\u001b[0m\u001b[36mtests/controllers/binhController.test.js\u001b[39m\u001b[0m\u001b[2m:1354:22)\u001b[22m\u001b[2m\u001b[22m\n","name":"C:\\WDP_Diagram\\NewTestCode\\wdp301_fall25\\backend\\tests\\controllers\\binhController.test.js","startTime":1761552681091,"status":"failed","summary":""},{"assertionResults":[{"ancestorTitles":["API Test cho /api/discounts/:id/use"],"duration":223,"failing":false,"failureDetails":[{"matcherResult":{"actual":500,"expected":200,"message":"\u001b[2mexpect(\u001b[22m\u001b[31mreceived\u001b[39m\u001b[2m).\u001b[22mtoBe\u001b[2m(\u001b[22m\u001b[32mexpected\u001b[39m\u001b[2m) // Object.is equality\u001b[22m\n\nExpected: \u001b[32m200\u001b[39m\nReceived: \u001b[31m500\u001b[39m","name":"toBe","pass":false}}],"failureMessages":["Error: \u001b[2mexpect(\u001b[22m\u001b[31mreceived\u001b[39m\u001b[2m).\u001b[22mtoBe\u001b[2m(\u001b[22m\u001b[32mexpected\u001b[39m\u001b[2m) // Object.is equality\u001b[22m\n\nExpected: \u001b[32m200\u001b[39m\nReceived: \u001b[31m500\u001b[39m\n    at Object.toBe (C:\\WDP_Diagram\\NewTestCode\\wdp301_fall25\\backend\\tests\\api\\discount.api.test.js:12:33)\n    at processTicksAndRejections (node:internal/process/task_queues:95:5)"],"fullName":"API Test cho /api/discounts/:id/use PUT /api/discounts/:id/use -- nên cập nhật discount mới","invocations":1,"location":null,"numPassingAsserts":0,"retryReasons":[],"startAt":1761552684110,"status":"failed","title":"PUT /api/discounts/:id/use -- nên cập nhật discount mới"},{"ancestorTitles":["API Test cho /api/discounts/:id/use"],"duration":731,"failing":false,"failureDetails":[],"failureMessages":[],"fullName":"API Test cho /api/discounts/:id/use GET /api/discounts/:eventId -- nên trả về discount theo eventId","invocations":1,"location":null,"numPassingAsserts":4,"retryReasons":[],"startAt":1761552684335,"status":"passed","title":"GET /api/discounts/:eventId -- nên trả về discount theo eventId"}],"endTime":1761552685094,"message":"\u001b[1m\u001b[31m  \u001b[1m● \u001b[22m\u001b[1mAPI Test cho /api/discounts/:id/use › PUT /api/discounts/:id/use -- nên cập nhật discount mới\u001b[39m\u001b[22m\n\n    \u001b[2mexpect(\u001b[22m\u001b[31mreceived\u001b[39m\u001b[2m).\u001b[22mtoBe\u001b[2m(\u001b[22m\u001b[32mexpected\u001b[39m\u001b[2m) // Object.is equality\u001b[22m\n\n    Expected: \u001b[32m200\u001b[39m\n    Received: \u001b[31m500\u001b[39m\n\u001b[2m\u001b[22m\n\u001b[2m    \u001b[0m \u001b[90m 10 |\u001b[39m       \u001b[32m`/api/discounts/${validDiscountId}/use`\u001b[39m\u001b[22m\n\u001b[2m     \u001b[90m 11 |\u001b[39m     )\u001b[33m;\u001b[39m\u001b[22m\n\u001b[2m    \u001b[31m\u001b[1m>\u001b[22m\u001b[2m\u001b[39m\u001b[90m 12 |\u001b[39m     expect(response\u001b[33m.\u001b[39mstatusCode)\u001b[33m.\u001b[39mtoBe(\u001b[35m200\u001b[39m)\u001b[33m;\u001b[39m\u001b[22m\n\u001b[2m     \u001b[90m    |\u001b[39m                                 \u001b[31m\u001b[1m^\u001b[22m\u001b[2m\u001b[39m\u001b[22m\n\u001b[2m     \u001b[90m 13 |\u001b[39m     expect(response\u001b[33m.\u001b[39mbody)\u001b[33m.\u001b[39mtoBeInstanceOf(\u001b[33mObject\u001b[39m)\u001b[33m;\u001b[39m\u001b[22m\n\u001b[2m     \u001b[90m 14 |\u001b[39m     expect(response\u001b[33m.\u001b[39mbody\u001b[33m.\u001b[39msuccess)\u001b[33m.\u001b[39mtoBe(\u001b[36mtrue\u001b[39m)\u001b[33m;\u001b[39m\u001b[22m\n\u001b[2m     \u001b[90m 15 |\u001b[39m     expect(response\u001b[33m.\u001b[39mbody\u001b[33m.\u001b[39mdata)\u001b[33m.\u001b[39mtoBeInstanceOf(\u001b[33mObject\u001b[39m)\u001b[33m;\u001b[39m\u001b[0m\u001b[22m\n\u001b[2m\u001b[22m\n\u001b[2m      \u001b[2mat Object.toBe (\u001b[22m\u001b[2m\u001b[0m\u001b[36mtests/api/discount.api.test.js\u001b[39m\u001b[0m\u001b[2m:12:33)\u001b[22m\u001b[2m\u001b[22m\n","name":"C:\\WDP_Diagram\\NewTestCode\\wdp301_fall25\\backend\\tests\\api\\discount.api.test.js","startTime":1761552681065,"status":"failed","summary":""},{"assertionResults":[{"ancestorTitles":["API Test cho /api/binh/categories"],"duration":870,"failing":false,"failureDetails":[],"failureMessages":[],"fullName":"API Test cho /api/binh/categories GET /api/binh/categories -- nên trả về danh sách categories","invocations":1,"location":null,"numPassingAsserts":8,"retryReasons":[],"startAt":1761552684110,"status":"passed","title":"GET /api/binh/categories -- nên trả về danh sách categories"},{"ancestorTitles":["API Test cho /api/binh/categories"],"duration":512,"failing":false,"failureDetails":[],"failureMessages":[],"fullName":"API Test cho /api/binh/categories GET /api/binh/categories/:id -- nên trả về category theo id","invocations":1,"location":null,"numPassingAsserts":6,"retryReasons":[],"startAt":1761552684981,"status":"passed","title":"GET /api/binh/categories/:id -- nên trả về category theo id"}],"endTime":1761552685494,"message":"","name":"C:\\WDP_Diagram\\NewTestCode\\wdp301_fall25\\backend\\tests\\api\\category.api.test.js","startTime":1761552681123,"status":"passed","summary":""},{"assertionResults":[{"ancestorTitles":["API Test cho /api/review/:id"],"duration":1490,"failing":false,"failureDetails":[],"failureMessages":[],"fullName":"API Test cho /api/review/:id GET /api/review/:eventId -- nên trả về DANH SÁCH reviews theo eventId","invocations":1,"location":null,"numPassingAsserts":13,"retryReasons":[],"startAt":1761552684110,"status":"passed","title":"GET /api/review/:eventId -- nên trả về DANH SÁCH reviews theo eventId"},{"ancestorTitles":["API Test cho /api/review/:id"],"duration":178,"failing":false,"failureDetails":[{"matcherResult":{"actual":200,"expected":201,"message":"\u001b[2mexpect(\u001b[22m\u001b[31mreceived\u001b[39m\u001b[2m).\u001b[22mtoBe\u001b[2m(\u001b[22m\u001b[32mexpected\u001b[39m\u001b[2m) // Object.is equality\u001b[22m\n\nExpected: \u001b[32m201\u001b[39m\nReceived: \u001b[31m200\u001b[39m","name":"toBe","pass":false}}],"failureMessages":["Error: \u001b[2mexpect(\u001b[22m\u001b[31mreceived\u001b[39m\u001b[2m).\u001b[22mtoBe\u001b[2m(\u001b[22m\u001b[32mexpected\u001b[39m\u001b[2m) // Object.is equality\u001b[22m\n\nExpected: \u001b[32m201\u001b[39m\nReceived: \u001b[31m200\u001b[39m\n    at Object.toBe (C:\\WDP_Diagram\\NewTestCode\\wdp301_fall25\\backend\\tests\\api\\review.api.test.js:47:33)\n    at processTicksAndRejections (node:internal/process/task_queues:95:5)"],"fullName":"API Test cho /api/review/:id POST /api/review/:eventId -- nên TẠO review mới (201) nếu chưa tồn tại","invocations":1,"location":null,"numPassingAsserts":0,"retryReasons":[],"startAt":1761552685601,"status":"failed","title":"POST /api/review/:eventId -- nên TẠO review mới (201) nếu chưa tồn tại"},{"ancestorTitles":["API Test cho /api/review/:id"],"duration":150,"failing":false,"failureDetails":[{"matcherResult":{"expected":true,"message":"\u001b[2mexpect(\u001b[22m\u001b[31mreceived\u001b[39m\u001b[2m).\u001b[22mtoBe\u001b[2m(\u001b[22m\u001b[32mexpected\u001b[39m\u001b[2m) // Object.is equality\u001b[22m\n\nExpected: \u001b[32mtrue\u001b[39m\nReceived: \u001b[31mundefined\u001b[39m","name":"toBe","pass":false}}],"failureMessages":["Error: \u001b[2mexpect(\u001b[22m\u001b[31mreceived\u001b[39m\u001b[2m).\u001b[22mtoBe\u001b[2m(\u001b[22m\u001b[32mexpected\u001b[39m\u001b[2m) // Object.is equality\u001b[22m\n\nExpected: \u001b[32mtrue\u001b[39m\nReceived: \u001b[31mundefined\u001b[39m\n    at Object.toBe (C:\\WDP_Diagram\\NewTestCode\\wdp301_fall25\\backend\\tests\\api\\review.api.test.js:59:35)\n    at processTicksAndRejections (node:internal/process/task_queues:95:5)"],"fullName":"API Test cho /api/review/:id POST /api/review/:eventId -- nên CẬP NHẬT review (200) nếu đã tồn tại","invocations":1,"location":null,"numPassingAsserts":1,"retryReasons":[],"startAt":1761552685785,"status":"failed","title":"POST /api/review/:eventId -- nên CẬP NHẬT review (200) nếu đã tồn tại"}],"endTime":1761552685965,"message":"\u001b[1m\u001b[31m  \u001b[1m● \u001b[22m\u001b[1mAPI Test cho /api/review/:id › POST /api/review/:eventId -- nên TẠO review mới (201) nếu chưa tồn tại\u001b[39m\u001b[22m\n\n    \u001b[2mexpect(\u001b[22m\u001b[31mreceived\u001b[39m\u001b[2m).\u001b[22mtoBe\u001b[2m(\u001b[22m\u001b[32mexpected\u001b[39m\u001b[2m) // Object.is equality\u001b[22m\n\n    Expected: \u001b[32m201\u001b[39m\n    Received: \u001b[31m200\u001b[39m\n\u001b[2m\u001b[22m\n\u001b[2m    \u001b[0m \u001b[90m 45 |\u001b[39m       \u001b[33m.\u001b[39mpost(\u001b[32m`/api/review/${invalidEventId}`\u001b[39m)\u001b[22m\n\u001b[2m     \u001b[90m 46 |\u001b[39m       \u001b[33m.\u001b[39msend(mockReviewData_Create)\u001b[33m;\u001b[39m\u001b[22m\n\u001b[2m    \u001b[31m\u001b[1m>\u001b[22m\u001b[2m\u001b[39m\u001b[90m 47 |\u001b[39m     expect(response\u001b[33m.\u001b[39mstatusCode)\u001b[33m.\u001b[39mtoBe(\u001b[35m201\u001b[39m)\u001b[33m;\u001b[39m\u001b[22m\n\u001b[2m     \u001b[90m    |\u001b[39m                                 \u001b[31m\u001b[1m^\u001b[22m\u001b[2m\u001b[39m\u001b[22m\n\u001b[2m     \u001b[90m 48 |\u001b[39m     expect(response\u001b[33m.\u001b[39mbody)\u001b[33m.\u001b[39mtoHaveProperty(\u001b[32m\"message\"\u001b[39m)\u001b[33m;\u001b[39m\u001b[22m\n\u001b[2m     \u001b[90m 49 |\u001b[39m     expect(response\u001b[33m.\u001b[39mbody\u001b[33m.\u001b[39mdata)\u001b[33m.\u001b[39mtoBeInstanceOf(\u001b[33mObject\u001b[39m)\u001b[33m;\u001b[39m\u001b[22m\n\u001b[2m     \u001b[90m 50 |\u001b[39m     expect(response\u001b[33m.\u001b[39mbody\u001b[33m.\u001b[39mdata\u001b[33m.\u001b[39mcomments)\u001b[33m.\u001b[39mtoBe(mockReviewData_Create\u001b[33m.\u001b[39mcomments)\u001b[33m;\u001b[39m\u001b[0m\u001b[22m\n\u001b[2m\u001b[22m\n\u001b[2m      \u001b[2mat Object.toBe (\u001b[22m\u001b[2m\u001b[0m\u001b[36mtests/api/review.api.test.js\u001b[39m\u001b[0m\u001b[2m:47:33)\u001b[22m\u001b[2m\u001b[22m\n\n\u001b[1m\u001b[31m  \u001b[1m● \u001b[22m\u001b[1mAPI Test cho /api/review/:id › POST /api/review/:eventId -- nên CẬP NHẬT review (200) nếu đã tồn tại\u001b[39m\u001b[22m\n\n    \u001b[2mexpect(\u001b[22m\u001b[31mreceived\u001b[39m\u001b[2m).\u001b[22mtoBe\u001b[2m(\u001b[22m\u001b[32mexpected\u001b[39m\u001b[2m) // Object.is equality\u001b[22m\n\n    Expected: \u001b[32mtrue\u001b[39m\n    Received: \u001b[31mundefined\u001b[39m\n\u001b[2m\u001b[22m\n\u001b[2m    \u001b[0m \u001b[90m 57 |\u001b[39m       \u001b[33m.\u001b[39msend(mockReviewData_Update)\u001b[33m;\u001b[39m\u001b[22m\n\u001b[2m     \u001b[90m 58 |\u001b[39m     expect(response\u001b[33m.\u001b[39mstatusCode)\u001b[33m.\u001b[39mtoBe(\u001b[35m200\u001b[39m)\u001b[33m;\u001b[39m\u001b[22m\n\u001b[2m    \u001b[31m\u001b[1m>\u001b[22m\u001b[2m\u001b[39m\u001b[90m 59 |\u001b[39m     expect(response\u001b[33m.\u001b[39mbody\u001b[33m.\u001b[39msuccess)\u001b[33m.\u001b[39mtoBe(\u001b[36mtrue\u001b[39m)\u001b[33m;\u001b[39m\u001b[22m\n\u001b[2m     \u001b[90m    |\u001b[39m                                   \u001b[31m\u001b[1m^\u001b[22m\u001b[2m\u001b[39m\u001b[22m\n\u001b[2m     \u001b[90m 60 |\u001b[39m     expect(response\u001b[33m.\u001b[39mbody\u001b[33m.\u001b[39mdata)\u001b[33m.\u001b[39mtoBeInstanceOf(\u001b[33mObject\u001b[39m)\u001b[33m;\u001b[39m\u001b[22m\n\u001b[2m     \u001b[90m 61 |\u001b[39m     expect(response\u001b[33m.\u001b[39mbody\u001b[33m.\u001b[39mdata\u001b[33m.\u001b[39mcomments)\u001b[33m.\u001b[39mtoBe(mockReviewData_Update\u001b[33m.\u001b[39mcomments)\u001b[33m;\u001b[39m\u001b[22m\n\u001b[2m     \u001b[90m 62 |\u001b[39m     expect(response\u001b[33m.\u001b[39mbody\u001b[33m.\u001b[39mdata\u001b[33m.\u001b[39mrating)\u001b[33m.\u001b[39mtoBe(mockReviewData_Update\u001b[33m.\u001b[39mrating)\u001b[33m;\u001b[39m\u001b[0m\u001b[22m\n\u001b[2m\u001b[22m\n\u001b[2m      \u001b[2mat Object.toBe (\u001b[22m\u001b[2m\u001b[0m\u001b[36mtests/api/review.api.test.js\u001b[39m\u001b[0m\u001b[2m:59:35)\u001b[22m\u001b[2m\u001b[22m\n","name":"C:\\WDP_Diagram\\NewTestCode\\wdp301_fall25\\backend\\tests\\api\\review.api.test.js","startTime":1761552681063,"status":"failed","summary":""},{"assertionResults":[{"ancestorTitles":["API Test cho /api/users"],"duration":966,"failing":false,"failureDetails":[],"failureMessages":[],"fullName":"API Test cho /api/users GET /api/users -- nên trả về danh sách users","invocations":1,"location":null,"numPassingAsserts":2,"retryReasons":[],"startAt":1761552684110,"status":"passed","title":"GET /api/users -- nên trả về danh sách users"},{"ancestorTitles":["API Test cho /api/users"],"duration":729,"failing":false,"failureDetails":[],"failureMessages":[],"fullName":"API Test cho /api/users GET /api/users/:id -- nên trả về user theo id","invocations":1,"location":null,"numPassingAsserts":4,"retryReasons":[],"startAt":1761552685078,"status":"passed","title":"GET /api/users/:id -- nên trả về user theo id"},{"ancestorTitles":["API Test cho /api/users"],"duration":690,"failing":false,"failureDetails":[],"failureMessages":[],"fullName":"API Test cho /api/users POST /api/users -- nên tạo user mới","invocations":1,"location":null,"numPassingAsserts":6,"retryReasons":[],"startAt":1761552685808,"status":"passed","title":"POST /api/users -- nên tạo user mới"},{"ancestorTitles":["API Test cho /api/users"],"duration":64,"failing":false,"failureDetails":[],"failureMessages":[],"fullName":"API Test cho /api/users PUT /api/users/:id -- nên cập nhật user vừa tạo","invocations":1,"location":null,"numPassingAsserts":4,"retryReasons":[],"startAt":1761552686498,"status":"passed","title":"PUT /api/users/:id -- nên cập nhật user vừa tạo"},{"ancestorTitles":["API Test cho /api/users"],"duration":65,"failing":false,"failureDetails":[{"matcherResult":{"actual":404,"expected":200,"message":"\u001b[2mexpect(\u001b[22m\u001b[31mreceived\u001b[39m\u001b[2m).\u001b[22mtoBe\u001b[2m(\u001b[22m\u001b[32mexpected\u001b[39m\u001b[2m) // Object.is equality\u001b[22m\n\nExpected: \u001b[32m200\u001b[39m\nReceived: \u001b[31m404\u001b[39m","name":"toBe","pass":false}}],"failureMessages":["Error: \u001b[2mexpect(\u001b[22m\u001b[31mreceived\u001b[39m\u001b[2m).\u001b[22mtoBe\u001b[2m(\u001b[22m\u001b[32mexpected\u001b[39m\u001b[2m) // Object.is equality\u001b[22m\n\nExpected: \u001b[32m200\u001b[39m\nReceived: \u001b[31m404\u001b[39m\n    at Object.toBe (C:\\WDP_Diagram\\NewTestCode\\wdp301_fall25\\backend\\tests\\api\\user.api.test.js:58:33)\n    at processTicksAndRejections (node:internal/process/task_queues:95:5)"],"fullName":"API Test cho /api/users DELETE /api/users/:id -- nên xóa user theo id","invocations":1,"location":null,"numPassingAsserts":0,"retryReasons":[],"startAt":1761552686562,"status":"failed","title":"DELETE /api/users/:id -- nên xóa user theo id"}],"endTime":1761552686647,"message":"\u001b[1m\u001b[31m  \u001b[1m● \u001b[22m\u001b[1mAPI Test cho /api/users › DELETE /api/users/:id -- nên xóa user theo id\u001b[39m\u001b[22m\n\n    \u001b[2mexpect(\u001b[22m\u001b[31mreceived\u001b[39m\u001b[2m).\u001b[22mtoBe\u001b[2m(\u001b[22m\u001b[32mexpected\u001b[39m\u001b[2m) // Object.is equality\u001b[22m\n\n    Expected: \u001b[32m200\u001b[39m\n    Received: \u001b[31m404\u001b[39m\n\u001b[2m\u001b[22m\n\u001b[2m    \u001b[0m \u001b[90m 56 |\u001b[39m     \u001b[36mconst\u001b[39m deleteId \u001b[33m=\u001b[39m \u001b[32m\"68f8df99410af93961616afb\"\u001b[39m\u001b[33m;\u001b[39m\u001b[22m\n\u001b[2m     \u001b[90m 57 |\u001b[39m     \u001b[36mconst\u001b[39m response \u001b[33m=\u001b[39m \u001b[36mawait\u001b[39m request(app)\u001b[33m.\u001b[39m\u001b[36mdelete\u001b[39m(\u001b[32m`/api/users/${deleteId}`\u001b[39m)\u001b[33m;\u001b[39m\u001b[22m\n\u001b[2m    \u001b[31m\u001b[1m>\u001b[22m\u001b[2m\u001b[39m\u001b[90m 58 |\u001b[39m     expect(response\u001b[33m.\u001b[39mstatusCode)\u001b[33m.\u001b[39mtoBe(\u001b[35m200\u001b[39m)\u001b[33m;\u001b[39m\u001b[22m\n\u001b[2m     \u001b[90m    |\u001b[39m                                 \u001b[31m\u001b[1m^\u001b[22m\u001b[2m\u001b[39m\u001b[22m\n\u001b[2m     \u001b[90m 59 |\u001b[39m     expect(response\u001b[33m.\u001b[39mbody\u001b[33m.\u001b[39msuccess)\u001b[33m.\u001b[39mtoBe(\u001b[36mtrue\u001b[39m)\u001b[33m;\u001b[39m\u001b[22m\n\u001b[2m     \u001b[90m 60 |\u001b[39m   })\u001b[33m;\u001b[39m\u001b[22m\n\u001b[2m     \u001b[90m 61 |\u001b[39m })\u001b[33m;\u001b[39m\u001b[0m\u001b[22m\n\u001b[2m\u001b[22m\n\u001b[2m      \u001b[2mat Object.toBe (\u001b[22m\u001b[2m\u001b[0m\u001b[36mtests/api/user.api.test.js\u001b[39m\u001b[0m\u001b[2m:58:33)\u001b[22m\u001b[2m\u001b[22m\n","name":"C:\\WDP_Diagram\\NewTestCode\\wdp301_fall25\\backend\\tests\\api\\user.api.test.js","startTime":1761552681063,"status":"failed","summary":""},{"assertionResults":[{"ancestorTitles":["API Test cho /api/events"],"duration":157,"failing":false,"failureDetails":[{"matcherResult":{"actual":400,"expected":200,"message":"\u001b[2mexpect(\u001b[22m\u001b[31mreceived\u001b[39m\u001b[2m).\u001b[22mtoBe\u001b[2m(\u001b[22m\u001b[32mexpected\u001b[39m\u001b[2m) // Object.is equality\u001b[22m\n\nExpected: \u001b[32m200\u001b[39m\nReceived: \u001b[31m400\u001b[39m","name":"toBe","pass":false}}],"failureMessages":["Error: \u001b[2mexpect(\u001b[22m\u001b[31mreceived\u001b[39m\u001b[2m).\u001b[22mtoBe\u001b[2m(\u001b[22m\u001b[32mexpected\u001b[39m\u001b[2m) // Object.is equality\u001b[22m\n\nExpected: \u001b[32m200\u001b[39m\nReceived: \u001b[31m400\u001b[39m\n    at Object.toBe (C:\\WDP_Diagram\\NewTestCode\\wdp301_fall25\\backend\\tests\\api\\event.api.test.js:25:33)\n    at processTicksAndRejections (node:internal/process/task_queues:95:5)"],"fullName":"API Test cho /api/events GET /api/events -- Trả về danh sách events theo mode","invocations":1,"location":null,"numPassingAsserts":0,"retryReasons":[],"startAt":1761552684110,"status":"failed","title":"GET /api/events -- Trả về danh sách events theo mode"},{"ancestorTitles":["API Test cho /api/events"],"duration":1607,"failing":false,"failureDetails":[],"failureMessages":[],"fullName":"API Test cho /api/events GET /api/all-events -- Trả về danh sách events","invocations":1,"location":null,"numPassingAsserts":8,"retryReasons":[],"startAt":1761552684281,"status":"passed","title":"GET /api/all-events -- Trả về danh sách events"},{"ancestorTitles":["API Test cho /api/events"],"duration":674,"failing":false,"failureDetails":[{"matcherResult":{"actual":"FPTU Career Fair 2026","expected":"FPTU Career Fair 2025","message":"\u001b[2mexpect(\u001b[22m\u001b[31mreceived\u001b[39m\u001b[2m).\u001b[22mtoBe\u001b[2m(\u001b[22m\u001b[32mexpected\u001b[39m\u001b[2m) // Object.is equality\u001b[22m\n\nExpected: \u001b[32m\"FPTU Career Fair 202\u001b[7m5\u001b[27m\"\u001b[39m\nReceived: \u001b[31m\"FPTU Career Fair 202\u001b[7m6\u001b[27m\"\u001b[39m","name":"toBe","pass":false}}],"failureMessages":["Error: \u001b[2mexpect(\u001b[22m\u001b[31mreceived\u001b[39m\u001b[2m).\u001b[22mtoBe\u001b[2m(\u001b[22m\u001b[32mexpected\u001b[39m\u001b[2m) // Object.is equality\u001b[22m\n\nExpected: \u001b[32m\"FPTU Career Fair 202\u001b[7m5\u001b[27m\"\u001b[39m\nReceived: \u001b[31m\"FPTU Career Fair 202\u001b[7m6\u001b[27m\"\u001b[39m\n    at Object.toBe (C:\\WDP_Diagram\\NewTestCode\\wdp301_fall25\\backend\\tests\\api\\event.api.test.js:52:38)\n    at processTicksAndRejections (node:internal/process/task_queues:95:5)"],"fullName":"API Test cho /api/events GET /api/events/:id -- Trả về event theo id","invocations":1,"location":null,"numPassingAsserts":5,"retryReasons":[],"startAt":1761552685888,"status":"failed","title":"GET /api/events/:id -- Trả về event theo id"},{"ancestorTitles":["API Test cho /api/events"],"duration":81,"failing":false,"failureDetails":[],"failureMessages":[],"fullName":"API Test cho /api/events POST /api/events -- Tạo event mới thành công","invocations":1,"location":null,"numPassingAsserts":7,"retryReasons":[],"startAt":1761552686562,"status":"passed","title":"POST /api/events -- Tạo event mới thành công"},{"ancestorTitles":["API Test cho /api/events"],"duration":134,"failing":false,"failureDetails":[],"failureMessages":[],"fullName":"API Test cho /api/events PUT /api/events/:id -- Cập nhật thông tin của event vừa tạo","invocations":1,"location":null,"numPassingAsserts":8,"retryReasons":[],"startAt":1761552686644,"status":"passed","title":"PUT /api/events/:id -- Cập nhật thông tin của event vừa tạo"},{"ancestorTitles":["API Test cho /api/events"],"duration":10,"failing":false,"failureDetails":[{"matcherResult":{"actual":500,"expected":200,"message":"\u001b[2mexpect(\u001b[22m\u001b[31mreceived\u001b[39m\u001b[2m).\u001b[22mtoBe\u001b[2m(\u001b[22m\u001b[32mexpected\u001b[39m\u001b[2m) // Object.is equality\u001b[22m\n\nExpected: \u001b[32m200\u001b[39m\nReceived: \u001b[31m500\u001b[39m","name":"toBe","pass":false}}],"failureMessages":["Error: \u001b[2mexpect(\u001b[22m\u001b[31mreceived\u001b[39m\u001b[2m).\u001b[22mtoBe\u001b[2m(\u001b[22m\u001b[32mexpected\u001b[39m\u001b[2m) // Object.is equality\u001b[22m\n\nExpected: \u001b[32m200\u001b[39m\nReceived: \u001b[31m500\u001b[39m\n    at Object.toBe (C:\\WDP_Diagram\\NewTestCode\\wdp301_fall25\\backend\\tests\\api\\event.api.test.js:90:33)\n    at processTicksAndRejections (node:internal/process/task_queues:95:5)"],"fullName":"API Test cho /api/events GET /api/events/category -- Trả về danh sách events theo category","invocations":1,"location":null,"numPassingAsserts":0,"retryReasons":[],"startAt":1761552686779,"status":"failed","title":"GET /api/events/category -- Trả về danh sách events theo category"},{"ancestorTitles":["API Test cho /api/events"],"duration":218,"failing":false,"failureDetails":[],"failureMessages":[],"fullName":"API Test cho /api/events GET /api/binh/banners -- Trả về banner theo sự kiện ngẫu nhiên","invocations":1,"location":null,"numPassingAsserts":2,"retryReasons":[],"startAt":1761552686790,"status":"passed","title":"GET /api/binh/banners -- Trả về banner theo sự kiện ngẫu nhiên"},{"ancestorTitles":["API Test cho /api/events"],"duration":191,"failing":false,"failureDetails":[],"failureMessages":[],"fullName":"API Test cho /api/events GET /api/binh/trendings -- Trả về danh sách sự kiện nổi bật","invocations":1,"location":null,"numPassingAsserts":2,"retryReasons":[],"startAt":1761552687008,"status":"passed","title":"GET /api/binh/trendings -- Trả về danh sách sự kiện nổi bật"}],"endTime":1761552687223,"message":"\u001b[1m\u001b[31m  \u001b[1m● \u001b[22m\u001b[1mAPI Test cho /api/events › GET /api/events -- Trả về danh sách events theo mode\u001b[39m\u001b[22m\n\n    \u001b[2mexpect(\u001b[22m\u001b[31mreceived\u001b[39m\u001b[2m).\u001b[22mtoBe\u001b[2m(\u001b[22m\u001b[32mexpected\u001b[39m\u001b[2m) // Object.is equality\u001b[22m\n\n    Expected: \u001b[32m200\u001b[39m\n    Received: \u001b[31m400\u001b[39m\n\u001b[2m\u001b[22m\n\u001b[2m    \u001b[0m \u001b[90m 23 |\u001b[39m   it(\u001b[32m\"GET /api/events -- Trả về danh sách events theo mode\"\u001b[39m\u001b[33m,\u001b[39m \u001b[36masync\u001b[39m () \u001b[33m=>\u001b[39m {\u001b[22m\n\u001b[2m     \u001b[90m 24 |\u001b[39m     \u001b[36mconst\u001b[39m response \u001b[33m=\u001b[39m \u001b[36mawait\u001b[39m request(app)\u001b[33m.\u001b[39m\u001b[36mget\u001b[39m(\u001b[32m\"/api/events\"\u001b[39m)\u001b[33m;\u001b[39m\u001b[22m\n\u001b[2m    \u001b[31m\u001b[1m>\u001b[22m\u001b[2m\u001b[39m\u001b[90m 25 |\u001b[39m     expect(response\u001b[33m.\u001b[39mstatusCode)\u001b[33m.\u001b[39mtoBe(\u001b[35m200\u001b[39m)\u001b[33m;\u001b[39m\u001b[22m\n\u001b[2m     \u001b[90m    |\u001b[39m                                 \u001b[31m\u001b[1m^\u001b[22m\u001b[2m\u001b[39m\u001b[22m\n\u001b[2m     \u001b[90m 26 |\u001b[39m     expect(\u001b[33mArray\u001b[39m\u001b[33m.\u001b[39misArray(response\u001b[33m.\u001b[39mbody))\u001b[33m.\u001b[39mtoBe(\u001b[36mtrue\u001b[39m)\u001b[33m;\u001b[39m\u001b[22m\n\u001b[2m     \u001b[90m 27 |\u001b[39m   })\u001b[33m;\u001b[39m\u001b[22m\n\u001b[2m     \u001b[90m 28 |\u001b[39m\u001b[0m\u001b[22m\n\u001b[2m\u001b[22m\n\u001b[2m      \u001b[2mat Object.toBe (\u001b[22m\u001b[2m\u001b[0m\u001b[36mtests/api/event.api.test.js\u001b[39m\u001b[0m\u001b[2m:25:33)\u001b[22m\u001b[2m\u001b[22m\n\n\u001b[1m\u001b[31m  \u001b[1m● \u001b[22m\u001b[1mAPI Test cho /api/events › GET /api/events/:id -- Trả về event theo id\u001b[39m\u001b[22m\n\n    \u001b[2mexpect(\u001b[22m\u001b[31mreceived\u001b[39m\u001b[2m).\u001b[22mtoBe\u001b[2m(\u001b[22m\u001b[32mexpected\u001b[39m\u001b[2m) // Object.is equality\u001b[22m\n\n    Expected: \u001b[32m\"FPTU Career Fair 202\u001b[7m5\u001b[27m\"\u001b[39m\n    Received: \u001b[31m\"FPTU Career Fair 202\u001b[7m6\u001b[27m\"\u001b[39m\n\u001b[2m\u001b[22m\n\u001b[2m    \u001b[0m \u001b[90m 50 |\u001b[39m     expect(response\u001b[33m.\u001b[39mbody\u001b[33m.\u001b[39mdata)\u001b[33m.\u001b[39mtoBeInstanceOf(\u001b[33mObject\u001b[39m)\u001b[33m;\u001b[39m\u001b[22m\n\u001b[2m     \u001b[90m 51 |\u001b[39m     expect(response\u001b[33m.\u001b[39mbody\u001b[33m.\u001b[39mdata\u001b[33m.\u001b[39m_id)\u001b[33m.\u001b[39mtoBe(findId)\u001b[33m;\u001b[39m\u001b[22m\n\u001b[2m    \u001b[31m\u001b[1m>\u001b[22m\u001b[2m\u001b[39m\u001b[90m 52 |\u001b[39m     expect(response\u001b[33m.\u001b[39mbody\u001b[33m.\u001b[39mdata\u001b[33m.\u001b[39mtitle)\u001b[33m.\u001b[39mtoBe(\u001b[32m\"FPTU Career Fair 2025\"\u001b[39m)\u001b[33m;\u001b[39m\u001b[22m\n\u001b[2m     \u001b[90m    |\u001b[39m                                      \u001b[31m\u001b[1m^\u001b[22m\u001b[2m\u001b[39m\u001b[22m\n\u001b[2m     \u001b[90m 53 |\u001b[39m   })\u001b[33m;\u001b[39m\u001b[22m\n\u001b[2m     \u001b[90m 54 |\u001b[39m\u001b[22m\n\u001b[2m     \u001b[90m 55 |\u001b[39m   it(\u001b[32m\"POST /api/events -- Tạo event mới thành công\"\u001b[39m\u001b[33m,\u001b[39m \u001b[36masync\u001b[39m () \u001b[33m=>\u001b[39m {\u001b[0m\u001b[22m\n\u001b[2m\u001b[22m\n\u001b[2m      \u001b[2mat Object.toBe (\u001b[22m\u001b[2m\u001b[0m\u001b[36mtests/api/event.api.test.js\u001b[39m\u001b[0m\u001b[2m:52:38)\u001b[22m\u001b[2m\u001b[22m\n\n\u001b[1m\u001b[31m  \u001b[1m● \u001b[22m\u001b[1mAPI Test cho /api/events › GET /api/events/category -- Trả về danh sách events theo category\u001b[39m\u001b[22m\n\n    \u001b[2mexpect(\u001b[22m\u001b[31mreceived\u001b[39m\u001b[2m).\u001b[22mtoBe\u001b[2m(\u001b[22m\u001b[32mexpected\u001b[39m\u001b[2m) // Object.is equality\u001b[22m\n\n    Expected: \u001b[32m200\u001b[39m\n    Received: \u001b[31m500\u001b[39m\n\u001b[2m\u001b[22m\n\u001b[2m    \u001b[0m \u001b[90m 88 |\u001b[39m   it(\u001b[32m\"GET /api/events/category -- Trả về danh sách events theo category\"\u001b[39m\u001b[33m,\u001b[39m \u001b[36masync\u001b[39m () \u001b[33m=>\u001b[39m {\u001b[22m\n\u001b[2m     \u001b[90m 89 |\u001b[39m     \u001b[36mconst\u001b[39m response \u001b[33m=\u001b[39m \u001b[36mawait\u001b[39m request(app)\u001b[33m.\u001b[39m\u001b[36mget\u001b[39m(\u001b[32m\"/api/events/category\"\u001b[39m)\u001b[33m;\u001b[39m\u001b[22m\n\u001b[2m    \u001b[31m\u001b[1m>\u001b[22m\u001b[2m\u001b[39m\u001b[90m 90 |\u001b[39m     expect(response\u001b[33m.\u001b[39mstatusCode)\u001b[33m.\u001b[39mtoBe(\u001b[35m200\u001b[39m)\u001b[33m;\u001b[39m\u001b[22m\n\u001b[2m     \u001b[90m    |\u001b[39m                                 \u001b[31m\u001b[1m^\u001b[22m\u001b[2m\u001b[39m\u001b[22m\n\u001b[2m     \u001b[90m 91 |\u001b[39m     expect(\u001b[33mArray\u001b[39m\u001b[33m.\u001b[39misArray(response\u001b[33m.\u001b[39mbody))\u001b[33m.\u001b[39mtoBe(\u001b[36mtrue\u001b[39m)\u001b[33m;\u001b[39m\u001b[22m\n\u001b[2m     \u001b[90m 92 |\u001b[39m   })\u001b[33m;\u001b[39m\u001b[22m\n\u001b[2m     \u001b[90m 93 |\u001b[39m\u001b[0m\u001b[22m\n\u001b[2m\u001b[22m\n\u001b[2m      \u001b[2mat Object.toBe (\u001b[22m\u001b[2m\u001b[0m\u001b[36mtests/api/event.api.test.js\u001b[39m\u001b[0m\u001b[2m:90:33)\u001b[22m\u001b[2m\u001b[22m\n","name":"C:\\WDP_Diagram\\NewTestCode\\wdp301_fall25\\backend\\tests\\api\\event.api.test.js","startTime":1761552681064,"status":"failed","summary":""},{"assertionResults":[{"ancestorTitles":["API Test cho /api/payment"],"duration":361,"failing":false,"failureDetails":[],"failureMessages":[],"fullName":"API Test cho /api/payment POST /api/payment -- nên tạo payment mới","invocations":1,"location":null,"numPassingAsserts":3,"retryReasons":[],"startAt":1761552684118,"status":"passed","title":"POST /api/payment -- nên tạo payment mới"},{"ancestorTitles":["API Test cho /api/payment"],"duration":1383,"failing":false,"failureDetails":[],"failureMessages":[],"fullName":"API Test cho /api/payment POST /api/payment/return -- nên trả về dữ liệu","invocations":1,"location":null,"numPassingAsserts":5,"retryReasons":[],"startAt":1761552684480,"status":"passed","title":"POST /api/payment/return -- nên trả về dữ liệu"},{"ancestorTitles":["API Test cho /api/payment"],"duration":798,"failing":false,"failureDetails":[],"failureMessages":[],"fullName":"API Test cho /api/payment GET /api/orders/:orderId/details -- nên trả về chi tiết 1 đơn hàng","invocations":1,"location":null,"numPassingAsserts":4,"retryReasons":[],"startAt":1761552685863,"status":"passed","title":"GET /api/orders/:orderId/details -- nên trả về chi tiết 1 đơn hàng"},{"ancestorTitles":["API Test cho /api/payment"],"duration":809,"failing":false,"failureDetails":[],"failureMessages":[],"fullName":"API Test cho /api/payment GET /api/orders/:userId -- nên trả về đơn hàng theo userId","invocations":1,"location":null,"numPassingAsserts":4,"retryReasons":[],"startAt":1761552686661,"status":"passed","title":"GET /api/orders/:userId -- nên trả về đơn hàng theo userId"},{"ancestorTitles":["API Test cho /api/payment"],"duration":124,"failing":false,"failureDetails":[],"failureMessages":[],"fullName":"API Test cho /api/payment GET /api/order/items/:orderId -- nên trả về các item trong order theo orderId","invocations":1,"location":null,"numPassingAsserts":4,"retryReasons":[],"startAt":1761552687470,"status":"passed","title":"GET /api/order/items/:orderId -- nên trả về các item trong order theo orderId"},{"ancestorTitles":["API Test cho /api/payment"],"duration":275,"failing":false,"failureDetails":[],"failureMessages":[],"fullName":"API Test cho /api/payment GET /api/order/item/detail/:id -- nên trả về thông tin chi tiết item trong order theo id","invocations":1,"location":null,"numPassingAsserts":3,"retryReasons":[],"startAt":1761552687594,"status":"passed","title":"GET /api/order/item/detail/:id -- nên trả về thông tin chi tiết item trong order theo id"},{"ancestorTitles":["API Test cho /api/payment"],"duration":131,"failing":false,"failureDetails":[],"failureMessages":[],"fullName":"API Test cho /api/payment PUT /api/order/item/detail/:id -- nên cập nhật thông tin của item trong order","invocations":1,"location":null,"numPassingAsserts":6,"retryReasons":[],"startAt":1761552687869,"status":"passed","title":"PUT /api/order/item/detail/:id -- nên cập nhật thông tin của item trong order"},{"ancestorTitles":["API Test cho /api/payment"],"duration":218,"failing":false,"failureDetails":[],"failureMessages":[],"fullName":"API Test cho /api/payment GET /api/review/:id -- nên trả về review theo id","invocations":1,"location":null,"numPassingAsserts":7,"retryReasons":[],"startAt":1761552688000,"status":"passed","title":"GET /api/review/:id -- nên trả về review theo id"}],"endTime":1761552688220,"message":"","name":"C:\\WDP_Diagram\\NewTestCode\\wdp301_fall25\\backend\\tests\\api\\payment.api.test.js","startTime":1761552681072,"status":"passed","summary":""}],"wasInterrupted":false}
